[2019-09-02 16:38:52,217] [INFO] django.server: "GET / HTTP/1.1" 200 2625
[2019-09-02 16:38:52,217] [INFO] django.server: "GET / HTTP/1.1" 200 2625
[2019-09-02 16:38:52,261] [INFO] django.server: "GET /static/js/main.5f82cc4e.chunk.js HTTP/1.1" 200 63623
[2019-09-02 16:38:52,261] [INFO] django.server: "GET /static/js/main.5f82cc4e.chunk.js HTTP/1.1" 200 63623
[2019-09-02 16:38:52,262] [INFO] django.server: "GET /static/css/2.a5214209.chunk.css HTTP/1.1" 200 147285
[2019-09-02 16:38:52,262] [INFO] django.server: "GET /static/css/2.a5214209.chunk.css HTTP/1.1" 200 147285
[2019-09-02 16:38:52,263] [INFO] django.server: "GET /static/css/main.16b4eca1.chunk.css HTTP/1.1" 200 155193
[2019-09-02 16:38:52,263] [INFO] django.server: "GET /static/css/main.16b4eca1.chunk.css HTTP/1.1" 200 155193
[2019-09-02 16:38:52,263] [INFO] django.server: "GET /static/js/2.02f93b46.chunk.js HTTP/1.1" 200 287581
[2019-09-02 16:38:52,263] [INFO] django.server: "GET /static/js/2.02f93b46.chunk.js HTTP/1.1" 200 287581
[2019-09-02 16:38:52,947] [INFO] django.server: "GET /static/media/movement.4d981b1e.png HTTP/1.1" 200 48362
[2019-09-02 16:38:52,947] [INFO] django.server: "GET /static/media/movement.4d981b1e.png HTTP/1.1" 200 48362
[2019-09-02 16:38:52,948] [INFO] django.server: "OPTIONS /api/auth/check HTTP/1.1" 200 0
[2019-09-02 16:38:52,948] [INFO] django.server: "OPTIONS /api/auth/check HTTP/1.1" 200 0
[2019-09-02 16:38:53,055] [WARNING] django.server: "GET /api/auth/check HTTP/1.1" 400 27
[2019-09-02 16:38:53,055] [WARNING] django.server: "GET /api/auth/check HTTP/1.1" 400 27
[2019-09-02 16:38:53,100] [INFO] django.server: "GET /static/media/bars.af398927.png HTTP/1.1" 200 22882
[2019-09-02 16:38:53,100] [INFO] django.server: "GET /static/media/bars.af398927.png HTTP/1.1" 200 22882
[2019-09-02 16:38:53,127] [INFO] django.server: "GET /static/favicon.ico? HTTP/1.1" 200 209762
[2019-09-02 16:38:53,127] [INFO] django.server: "GET /static/favicon.ico? HTTP/1.1" 200 209762
[2019-09-02 16:38:53,132] [INFO] django.server: "GET /static/manifest.json HTTP/1.1" 200 497
[2019-09-02 16:38:53,132] [INFO] django.server: "GET /static/manifest.json HTTP/1.1" 200 497
[2019-09-02 16:38:53,180] [INFO] django.server: "GET /favicon.ico HTTP/1.1" 200 2625
[2019-09-02 16:38:53,180] [INFO] django.server: "GET /favicon.ico HTTP/1.1" 200 2625
[2019-09-02 16:38:53,225] [WARNING] django.server: "GET /static/logo192.png HTTP/1.1" 404 1771
[2019-09-02 16:38:53,225] [WARNING] django.server: "GET /static/logo192.png HTTP/1.1" 404 1771
[2019-09-02 16:39:05,061] [INFO] django.server: "OPTIONS /api/auth/login HTTP/1.1" 200 0
[2019-09-02 16:39:05,061] [INFO] django.server: "OPTIONS /api/auth/login HTTP/1.1" 200 0
[2019-09-02 16:39:05,069] [WARNING] django.server: "POST /api/auth/login HTTP/1.1" 401 175
[2019-09-02 16:39:05,069] [WARNING] django.server: "POST /api/auth/login HTTP/1.1" 401 175
[2019-09-02 16:39:05,110] [INFO] django.server: "GET /static/media/boy.3f330c6e.png HTTP/1.1" 200 10553
[2019-09-02 16:39:05,110] [INFO] django.server: "GET /static/media/boy.3f330c6e.png HTTP/1.1" 200 10553
[2019-09-02 16:39:05,111] [INFO] django.server: "GET /static/media/calendar.319f9be4.png HTTP/1.1" 200 24258
[2019-09-02 16:39:05,111] [INFO] django.server: "GET /static/media/calendar.319f9be4.png HTTP/1.1" 200 24258
[2019-09-02 16:39:05,112] [INFO] django.server: "GET /static/media/phone.f5b9a765.png HTTP/1.1" 200 34617
[2019-09-02 16:39:05,112] [INFO] django.server: "GET /static/media/ID.76180fb2.png HTTP/1.1" 200 27698
[2019-09-02 16:39:05,112] [INFO] django.server: "GET /static/media/phone.f5b9a765.png HTTP/1.1" 200 34617
[2019-09-02 16:39:05,112] [INFO] django.server: "GET /static/media/gender.8990fa32.png HTTP/1.1" 200 17451
[2019-09-02 16:39:05,112] [INFO] django.server: "GET /static/media/ID.76180fb2.png HTTP/1.1" 200 27698
[2019-09-02 16:39:05,112] [INFO] django.server: "GET /static/media/gender.8990fa32.png HTTP/1.1" 200 17451
[2019-09-02 16:39:05,114] [INFO] django.server: "GET /static/media/doctor.ab197cba.png HTTP/1.1" 200 38054
[2019-09-02 16:39:05,115] [INFO] django.server: "GET /favicon.ico HTTP/1.1" 200 2625
[2019-09-02 16:39:05,114] [INFO] django.server: "GET /static/media/doctor.ab197cba.png HTTP/1.1" 200 38054
[2019-09-02 16:39:05,115] [INFO] django.server: "GET /favicon.ico HTTP/1.1" 200 2625
[2019-09-02 16:39:34,111] [INFO] django.server: "OPTIONS /api/user/ HTTP/1.1" 200 0
[2019-09-02 16:39:34,111] [INFO] django.server: "OPTIONS /api/user/ HTTP/1.1" 200 0
[2019-09-02 16:39:34,209] [INFO] django.server: "POST /api/user/ HTTP/1.1" 201 152
[2019-09-02 16:39:34,209] [INFO] django.server: "POST /api/user/ HTTP/1.1" 201 152
[2019-09-02 16:39:34,277] [INFO] django.server: "POST /api/auth/login HTTP/1.1" 200 114
[2019-09-02 16:39:34,277] [INFO] django.server: "POST /api/auth/login HTTP/1.1" 200 114
[2019-09-02 16:39:34,292] [INFO] django.server: "GET /api/auth/check HTTP/1.1" 200 22
[2019-09-02 16:39:34,292] [INFO] django.server: "GET /api/auth/check HTTP/1.1" 200 22
[2019-09-02 16:39:34,312] [INFO] django.server: "OPTIONS /api/session/status/ HTTP/1.1" 200 0
[2019-09-02 16:39:34,312] [INFO] django.server: "OPTIONS /api/session/status/ HTTP/1.1" 200 0
[2019-09-02 16:39:34,360] [INFO] django.server: "GET /api/user/ HTTP/1.1" 200 165
[2019-09-02 16:39:34,360] [INFO] django.server: "GET /api/user/ HTTP/1.1" 200 165
[2019-09-02 16:39:34,419] [WARNING] django.server: "GET /api/session/status/ HTTP/1.1" 403 47
[2019-09-02 16:39:34,419] [WARNING] django.server: "GET /api/session/status/ HTTP/1.1" 403 47
[2019-09-02 16:39:34,432] [INFO] django.server: "OPTIONS /api/stage/parrot/commands/ HTTP/1.1" 200 0
[2019-09-02 16:39:34,432] [INFO] django.server: "OPTIONS /api/stage/parrot/commands/ HTTP/1.1" 200 0
[2019-09-02 16:39:34,519] [INFO] django.server: "GET /api/stage/parrot/commands/ HTTP/1.1" 200 29
[2019-09-02 16:39:34,519] [INFO] django.server: "GET /api/stage/parrot/commands/ HTTP/1.1" 200 29
[2019-09-02 16:40:12,804] [INFO] django.server: "OPTIONS /api/session/start/ HTTP/1.1" 200 0
[2019-09-02 16:40:12,804] [INFO] django.server: "OPTIONS /api/session/start/ HTTP/1.1" 200 0
[2019-09-02 16:40:13,039] [INFO] django.server: "GET /api/session/start/ HTTP/1.1" 200 64
[2019-09-02 16:40:13,039] [INFO] django.server: "GET /api/session/start/ HTTP/1.1" 200 64
[2019-09-02 16:42:52,099] [INFO] django.server: "GET /api/auth/check HTTP/1.1" 200 22
[2019-09-02 16:42:52,099] [INFO] django.server: "GET /api/auth/check HTTP/1.1" 200 22
[2019-09-02 16:42:52,208] [INFO] django.server: "GET /api/session/status/ HTTP/1.1" 200 146
[2019-09-02 16:42:52,208] [INFO] django.server: "GET /api/session/status/ HTTP/1.1" 200 146
[2019-09-02 16:42:52,298] [INFO] django.server: "GET /api/stage/parrot/commands/ HTTP/1.1" 200 29
[2019-09-02 16:42:52,298] [INFO] django.server: "GET /api/stage/parrot/commands/ HTTP/1.1" 200 29
[2019-09-02 16:42:52,356] [INFO] django.server: "GET /api/user/ HTTP/1.1" 200 165
[2019-09-02 16:42:52,356] [INFO] django.server: "GET /api/user/ HTTP/1.1" 200 165
[2019-09-02 16:42:53,480] [INFO] django.server: "GET /api/auth/check HTTP/1.1" 200 22
[2019-09-02 16:42:53,480] [INFO] django.server: "GET /api/auth/check HTTP/1.1" 200 22
[2019-09-02 16:42:53,591] [INFO] django.server: "GET /api/session/status/ HTTP/1.1" 200 146
[2019-09-02 16:42:53,591] [INFO] django.server: "GET /api/session/status/ HTTP/1.1" 200 146
[2019-09-02 16:42:53,682] [INFO] django.server: "GET /api/stage/parrot/commands/ HTTP/1.1" 200 29
[2019-09-02 16:42:53,682] [INFO] django.server: "GET /api/stage/parrot/commands/ HTTP/1.1" 200 29
[2019-09-02 16:42:53,731] [INFO] django.server: "GET /api/user/ HTTP/1.1" 200 165
[2019-09-02 16:42:53,731] [INFO] django.server: "GET /api/user/ HTTP/1.1" 200 165
[2019-09-02 16:43:14,328] [INFO] django.server: "OPTIONS /api/stage/game/send_data/ HTTP/1.1" 200 0
[2019-09-02 16:43:14,328] [INFO] django.server: "OPTIONS /api/stage/game/send_data/ HTTP/1.1" 200 0
[2019-09-02 16:43:14,440] [INFO] django.server: "POST /api/stage/game/send_data/ HTTP/1.1" 200 0
[2019-09-02 16:43:14,440] [INFO] django.server: "POST /api/stage/game/send_data/ HTTP/1.1" 200 0
[2019-09-02 16:43:14,445] [INFO] django.server: "OPTIONS /api/stage/wheel/start/ HTTP/1.1" 200 0
[2019-09-02 16:43:14,445] [INFO] django.server: "OPTIONS /api/stage/wheel/start/ HTTP/1.1" 200 0
[2019-09-02 16:43:14,607] [INFO] django.server: "GET /api/stage/wheel/start/ HTTP/1.1" 200 65
[2019-09-02 16:43:14,607] [INFO] django.server: "GET /api/stage/wheel/start/ HTTP/1.1" 200 65
[2019-09-02 16:43:18,800] [INFO] django.server: "GET /api/auth/check HTTP/1.1" 200 22
[2019-09-02 16:43:18,800] [INFO] django.server: "GET /api/auth/check HTTP/1.1" 200 22
[2019-09-02 16:43:18,876] [INFO] django.server: "GET /api/session/status/ HTTP/1.1" 200 147
[2019-09-02 16:43:18,876] [INFO] django.server: "GET /api/session/status/ HTTP/1.1" 200 147
[2019-09-02 16:43:18,942] [INFO] django.server: "GET /api/stage/parrot/commands/ HTTP/1.1" 200 29
[2019-09-02 16:43:18,942] [INFO] django.server: "GET /api/stage/parrot/commands/ HTTP/1.1" 200 29
[2019-09-02 16:43:18,991] [INFO] django.server: "GET /api/user/ HTTP/1.1" 200 165
[2019-09-02 16:43:18,991] [INFO] django.server: "GET /api/user/ HTTP/1.1" 200 165
[2019-09-02 16:43:19,627] [INFO] django.server: "GET /api/auth/check HTTP/1.1" 200 22
[2019-09-02 16:43:19,627] [INFO] django.server: "GET /api/auth/check HTTP/1.1" 200 22
[2019-09-02 16:43:19,702] [INFO] django.server: "GET /api/session/status/ HTTP/1.1" 200 147
[2019-09-02 16:43:19,702] [INFO] django.server: "GET /api/session/status/ HTTP/1.1" 200 147
[2019-09-02 16:43:19,767] [INFO] django.server: "GET /api/stage/parrot/commands/ HTTP/1.1" 200 29
[2019-09-02 16:43:19,767] [INFO] django.server: "GET /api/stage/parrot/commands/ HTTP/1.1" 200 29
[2019-09-02 16:43:19,826] [INFO] django.server: "GET /api/user/ HTTP/1.1" 200 165
[2019-09-02 16:43:19,826] [INFO] django.server: "GET /api/user/ HTTP/1.1" 200 165
[2019-09-02 16:43:21,111] [INFO] django.server: "GET /api/auth/check HTTP/1.1" 200 22
[2019-09-02 16:43:21,111] [INFO] django.server: "GET /api/auth/check HTTP/1.1" 200 22
[2019-09-02 16:43:21,185] [INFO] django.server: "GET /api/session/status/ HTTP/1.1" 200 147
[2019-09-02 16:43:21,185] [INFO] django.server: "GET /api/session/status/ HTTP/1.1" 200 147
[2019-09-02 16:43:21,251] [INFO] django.server: "GET /api/user/ HTTP/1.1" 200 165
[2019-09-02 16:43:21,251] [INFO] django.server: "GET /api/user/ HTTP/1.1" 200 165
[2019-09-02 16:43:21,301] [INFO] django.server: "GET /api/stage/parrot/commands/ HTTP/1.1" 200 29
[2019-09-02 16:43:21,301] [INFO] django.server: "GET /api/stage/parrot/commands/ HTTP/1.1" 200 29
[2019-09-02 16:43:21,715] [INFO] django.server: "GET /api/auth/check HTTP/1.1" 200 22
[2019-09-02 16:43:21,715] [INFO] django.server: "GET /api/auth/check HTTP/1.1" 200 22
[2019-09-02 16:43:21,777] [INFO] django.server: "GET /api/session/status/ HTTP/1.1" 200 147
[2019-09-02 16:43:21,777] [INFO] django.server: "GET /api/session/status/ HTTP/1.1" 200 147
[2019-09-02 16:43:21,850] [INFO] django.server: "GET /api/user/ HTTP/1.1" 200 165
[2019-09-02 16:43:21,850] [INFO] django.server: "GET /api/user/ HTTP/1.1" 200 165
[2019-09-02 16:43:21,918] [INFO] django.server: "GET /api/stage/parrot/commands/ HTTP/1.1" 200 29
[2019-09-02 16:43:21,918] [INFO] django.server: "GET /api/stage/parrot/commands/ HTTP/1.1" 200 29
[2019-09-02 16:43:36,899] [INFO] django.server: "OPTIONS /api/stage/wheel/perform/ HTTP/1.1" 200 0
[2019-09-02 16:43:36,899] [INFO] django.server: "OPTIONS /api/stage/wheel/perform/ HTTP/1.1" 200 0
[2019-09-02 16:43:36,979] [INFO] django.server: "POST /api/stage/wheel/perform/ HTTP/1.1" 200 0
[2019-09-02 16:43:36,979] [INFO] django.server: "POST /api/stage/wheel/perform/ HTTP/1.1" 200 0
[2019-09-02 16:43:37,002] [INFO] django.server: "GET /static/media/notification.651771e1.woff HTTP/1.1" 200 1984
[2019-09-02 16:43:37,002] [INFO] django.server: "GET /static/media/notification.651771e1.woff HTTP/1.1" 200 1984
[2019-09-02 16:43:37,995] [INFO] django.server: "POST /api/stage/wheel/perform/ HTTP/1.1" 200 0
[2019-09-02 16:43:37,995] [INFO] django.server: "POST /api/stage/wheel/perform/ HTTP/1.1" 200 0
[2019-09-02 16:43:39,086] [INFO] django.server: "POST /api/stage/wheel/perform/ HTTP/1.1" 200 0
[2019-09-02 16:43:39,086] [INFO] django.server: "POST /api/stage/wheel/perform/ HTTP/1.1" 200 0
[2019-09-02 16:43:39,804] [INFO] django.server: "POST /api/stage/wheel/perform/ HTTP/1.1" 200 0
[2019-09-02 16:43:39,804] [INFO] django.server: "POST /api/stage/wheel/perform/ HTTP/1.1" 200 0
[2019-09-02 16:44:03,449] [INFO] django.server: "OPTIONS /api/stage/parrot/start/ HTTP/1.1" 200 0
[2019-09-02 16:44:03,449] [INFO] django.server: "OPTIONS /api/stage/parrot/start/ HTTP/1.1" 200 0
[2019-09-02 16:44:03,620] [INFO] django.server: "GET /api/stage/parrot/start/ HTTP/1.1" 200 66
[2019-09-02 16:44:03,620] [INFO] django.server: "GET /api/stage/parrot/start/ HTTP/1.1" 200 66
[2019-09-02 16:44:03,714] [INFO] django.server: "GET /api/stage/parrot/commands/ HTTP/1.1" 200 29
[2019-09-02 16:44:03,714] [INFO] django.server: "GET /api/stage/parrot/commands/ HTTP/1.1" 200 29
[2019-09-02 16:44:12,497] [INFO] django.server: "OPTIONS /api/stage/parrot/stop/ HTTP/1.1" 200 0
[2019-09-02 16:44:12,497] [INFO] django.server: "OPTIONS /api/stage/parrot/stop/ HTTP/1.1" 200 0
[2019-09-02 16:44:12,687] [INFO] django.server: "GET /api/stage/parrot/stop/ HTTP/1.1" 200 2
[2019-09-02 16:44:12,687] [INFO] django.server: "GET /api/stage/parrot/stop/ HTTP/1.1" 200 2
[2019-09-02 16:44:15,902] [INFO] django.server: "GET /result HTTP/1.1" 200 2625
[2019-09-02 16:44:15,902] [INFO] django.server: "GET /result HTTP/1.1" 200 2625
[2019-09-02 16:44:16,430] [INFO] django.server: "GET /static/favicon.ico? HTTP/1.1" 200 209762
[2019-09-02 16:44:16,430] [INFO] django.server: "GET /static/favicon.ico? HTTP/1.1" 200 209762
[2019-09-02 16:44:16,444] [WARNING] django.server: "GET /static/logo192.png HTTP/1.1" 404 1771
[2019-09-02 16:44:16,444] [WARNING] django.server: "GET /static/logo192.png HTTP/1.1" 404 1771
[2019-09-02 16:44:16,444] [INFO] django.server: "GET /favicon.ico HTTP/1.1" 200 2625
[2019-09-02 16:44:16,444] [INFO] django.server: "GET /favicon.ico HTTP/1.1" 200 2625
[2019-09-02 16:44:27,410] [INFO] django.server: "GET /result HTTP/1.1" 200 2625
[2019-09-02 16:44:27,410] [INFO] django.server: "GET /result HTTP/1.1" 200 2625
[2019-09-02 16:44:27,677] [INFO] django.server: "GET /static/favicon.ico? HTTP/1.1" 200 209762
[2019-09-02 16:44:27,677] [INFO] django.server: "GET /static/favicon.ico? HTTP/1.1" 200 209762
[2019-09-02 16:44:27,684] [WARNING] django.server: "GET /static/logo192.png HTTP/1.1" 404 1771
[2019-09-02 16:44:27,684] [WARNING] django.server: "GET /static/logo192.png HTTP/1.1" 404 1771
[2019-09-02 16:44:27,686] [INFO] django.server: "GET /favicon.ico HTTP/1.1" 200 2625
[2019-09-02 16:44:27,686] [INFO] django.server: "GET /favicon.ico HTTP/1.1" 200 2625
[2019-09-02 16:44:28,150] [INFO] django.server: "GET /result HTTP/1.1" 200 2625
[2019-09-02 16:44:28,150] [INFO] django.server: "GET /result HTTP/1.1" 200 2625
[2019-09-02 16:44:28,410] [INFO] django.server: "GET /static/favicon.ico? HTTP/1.1" 200 209762
[2019-09-02 16:44:28,410] [INFO] django.server: "GET /static/favicon.ico? HTTP/1.1" 200 209762
[2019-09-02 16:44:28,416] [WARNING] django.server: "GET /static/logo192.png HTTP/1.1" 404 1771
[2019-09-02 16:44:28,416] [WARNING] django.server: "GET /static/logo192.png HTTP/1.1" 404 1771
[2019-09-02 16:44:28,422] [INFO] django.server: "GET /favicon.ico HTTP/1.1" 200 2625
[2019-09-02 16:44:28,422] [INFO] django.server: "GET /favicon.ico HTTP/1.1" 200 2625
[2019-09-02 17:35:29,515] [INFO] django.server: "GET / HTTP/1.1" 200 2625
[2019-09-02 17:35:29,515] [INFO] django.server: "GET / HTTP/1.1" 200 2625
[2019-09-02 17:35:29,891] [INFO] django.server: "GET /api/auth/check HTTP/1.1" 200 22
[2019-09-02 17:35:29,891] [INFO] django.server: "GET /api/auth/check HTTP/1.1" 200 22
[2019-09-02 17:35:30,090] [WARNING] django.server: "GET /api/session/status/ HTTP/1.1" 403 26
[2019-09-02 17:35:30,090] [WARNING] django.server: "GET /api/session/status/ HTTP/1.1" 403 26
[2019-09-02 17:35:30,120] [WARNING] django.server: "GET /static/logo192.png HTTP/1.1" 404 1771
[2019-09-02 17:35:30,120] [WARNING] django.server: "GET /static/logo192.png HTTP/1.1" 404 1771
[2019-09-02 17:35:30,164] [WARNING] django.server: "GET /api/user/ HTTP/1.1" 403 26
[2019-09-02 17:35:30,164] [WARNING] django.server: "GET /api/user/ HTTP/1.1" 403 26
[2019-09-02 17:35:30,188] [WARNING] django.server: "GET /api/stage/parrot/commands/ HTTP/1.1" 403 26
[2019-09-02 17:35:30,188] [WARNING] django.server: "GET /api/stage/parrot/commands/ HTTP/1.1" 403 26
[2019-09-02 17:35:32,272] [INFO] django.server: "GET / HTTP/1.1" 200 2625
[2019-09-02 17:35:32,272] [INFO] django.server: "GET / HTTP/1.1" 200 2625
[2019-09-02 17:35:32,437] [INFO] django.server: "GET /api/auth/check HTTP/1.1" 200 23
[2019-09-02 17:35:32,437] [INFO] django.server: "GET /api/auth/check HTTP/1.1" 200 23
[2019-09-02 17:35:32,581] [WARNING] django.server: "GET /static/logo192.png HTTP/1.1" 404 1771
[2019-09-02 17:35:32,581] [WARNING] django.server: "GET /static/logo192.png HTTP/1.1" 404 1771
[2019-09-02 17:35:32,585] [INFO] django.server: "GET /favicon.ico HTTP/1.1" 200 2625
[2019-09-02 17:35:32,585] [INFO] django.server: "GET /favicon.ico HTTP/1.1" 200 2625
[2019-09-02 17:35:39,862] [INFO] django.server: "GET /admin/ HTTP/1.1" 302 0
[2019-09-02 17:35:39,862] [INFO] django.server: "GET /admin/ HTTP/1.1" 302 0
[2019-09-02 17:35:40,073] [INFO] django.server: "GET /admin/login/?next=/admin/ HTTP/1.1" 200 1855
[2019-09-02 17:35:40,073] [INFO] django.server: "GET /admin/login/?next=/admin/ HTTP/1.1" 200 1855
[2019-09-02 17:35:40,118] [INFO] django.server: "GET /static/admin/css/base.css HTTP/1.1" 304 0
[2019-09-02 17:35:40,118] [INFO] django.server: "GET /static/admin/css/base.css HTTP/1.1" 304 0
[2019-09-02 17:35:40,131] [INFO] django.server: "GET /static/admin/css/responsive.css HTTP/1.1" 304 0
[2019-09-02 17:35:40,131] [INFO] django.server: "GET /static/admin/css/responsive.css HTTP/1.1" 304 0
[2019-09-02 17:35:40,137] [INFO] django.server: "GET /static/admin/css/login.css HTTP/1.1" 304 0
[2019-09-02 17:35:40,137] [INFO] django.server: "GET /static/admin/css/login.css HTTP/1.1" 304 0
[2019-09-02 17:35:40,397] [INFO] django.server: "GET /static/admin/css/fonts.css HTTP/1.1" 304 0
[2019-09-02 17:35:40,397] [INFO] django.server: "GET /static/admin/css/fonts.css HTTP/1.1" 304 0
[2019-09-02 17:35:40,535] [INFO] django.server: "GET /static/admin/fonts/Roboto-Regular-webfont.woff HTTP/1.1" 200 80304
[2019-09-02 17:35:40,535] [INFO] django.server: "GET /static/admin/fonts/Roboto-Regular-webfont.woff HTTP/1.1" 200 80304
[2019-09-02 17:35:40,544] [INFO] django.server: "GET /static/admin/fonts/Roboto-Light-webfont.woff HTTP/1.1" 200 81348
[2019-09-02 17:35:40,544] [INFO] django.server: "GET /static/admin/fonts/Roboto-Light-webfont.woff HTTP/1.1" 200 81348
[2019-09-02 17:35:40,603] [INFO] django.server: "GET /favicon.ico HTTP/1.1" 200 2625
[2019-09-02 17:35:40,603] [INFO] django.server: "GET /favicon.ico HTTP/1.1" 200 2625
[2019-09-02 17:35:46,797] [INFO] django.server: "POST /admin/login/?next=/admin/ HTTP/1.1" 302 0
[2019-09-02 17:35:46,797] [INFO] django.server: "POST /admin/login/?next=/admin/ HTTP/1.1" 302 0
[2019-09-02 17:35:46,824] [INFO] django.server: "GET /admin/ HTTP/1.1" 200 5304
[2019-09-02 17:35:46,824] [INFO] django.server: "GET /admin/ HTTP/1.1" 200 5304
[2019-09-02 17:35:46,852] [INFO] django.server: "GET /static/admin/css/dashboard.css HTTP/1.1" 304 0
[2019-09-02 17:35:46,852] [INFO] django.server: "GET /static/admin/css/dashboard.css HTTP/1.1" 304 0
[2019-09-02 17:35:47,005] [INFO] django.server: "GET /static/admin/img/icon-addlink.svg HTTP/1.1" 304 0
[2019-09-02 17:35:47,005] [INFO] django.server: "GET /static/admin/img/icon-addlink.svg HTTP/1.1" 304 0
[2019-09-02 17:35:47,007] [INFO] django.server: "GET /static/admin/img/icon-changelink.svg HTTP/1.1" 304 0
[2019-09-02 17:35:47,007] [INFO] django.server: "GET /static/admin/img/icon-changelink.svg HTTP/1.1" 304 0
[2019-09-02 17:35:47,013] [INFO] django.server: "GET /static/admin/fonts/Roboto-Bold-webfont.woff HTTP/1.1" 200 82564
[2019-09-02 17:35:47,013] [INFO] django.server: "GET /static/admin/fonts/Roboto-Bold-webfont.woff HTTP/1.1" 200 82564
[2019-09-02 17:35:47,182] [INFO] django.server: "GET /favicon.ico HTTP/1.1" 200 2625
[2019-09-02 17:35:47,182] [INFO] django.server: "GET /favicon.ico HTTP/1.1" 200 2625
[2019-09-02 17:36:04,725] [INFO] django.server: "GET /admin/website/diagnosesession/ HTTP/1.1" 200 4498
[2019-09-02 17:36:04,725] [INFO] django.server: "GET /admin/website/diagnosesession/ HTTP/1.1" 200 4498
[2019-09-02 17:36:04,777] [INFO] django.server: "GET /static/admin/css/changelists.css HTTP/1.1" 304 0
[2019-09-02 17:36:04,777] [INFO] django.server: "GET /static/admin/css/changelists.css HTTP/1.1" 304 0
[2019-09-02 17:36:04,795] [INFO] django.server: "GET /static/admin/js/vendor/xregexp/xregexp.js HTTP/1.1" 200 128820
[2019-09-02 17:36:04,795] [INFO] django.server: "GET /static/admin/js/vendor/xregexp/xregexp.js HTTP/1.1" 200 128820
[2019-09-02 17:36:04,830] [INFO] django.server: "GET /static/admin/js/urlify.js HTTP/1.1" 304 0
[2019-09-02 17:36:04,830] [INFO] django.server: "GET /static/admin/js/urlify.js HTTP/1.1" 304 0
[2019-09-02 17:36:04,832] [INFO] django.server: "GET /static/admin/js/core.js HTTP/1.1" 304 0
[2019-09-02 17:36:04,832] [INFO] django.server: "GET /static/admin/js/core.js HTTP/1.1" 304 0
[2019-09-02 17:36:04,865] [INFO] django.server: "GET /static/admin/js/actions.js HTTP/1.1" 304 0
[2019-09-02 17:36:04,865] [INFO] django.server: "GET /static/admin/js/actions.js HTTP/1.1" 304 0
[2019-09-02 17:36:04,865] [INFO] django.server: "GET /static/admin/js/admin/RelatedObjectLookups.js HTTP/1.1" 304 0
[2019-09-02 17:36:04,865] [INFO] django.server: "GET /static/admin/js/admin/RelatedObjectLookups.js HTTP/1.1" 304 0
[2019-09-02 17:36:04,873] [INFO] django.server: "GET /static/admin/js/vendor/jquery/jquery.js HTTP/1.1" 200 258648
[2019-09-02 17:36:04,873] [INFO] django.server: "GET /static/admin/js/vendor/jquery/jquery.js HTTP/1.1" 200 258648
[2019-09-02 17:36:04,875] [INFO] django.server: "GET /static/admin/js/prepopulate.js HTTP/1.1" 304 0
[2019-09-02 17:36:04,875] [INFO] django.server: "GET /static/admin/js/prepopulate.js HTTP/1.1" 304 0
[2019-09-02 17:36:04,882] [INFO] django.server: "GET /admin/jsi18n/ HTTP/1.1" 200 3185
[2019-09-02 17:36:04,882] [INFO] django.server: "GET /admin/jsi18n/ HTTP/1.1" 200 3185
[2019-09-02 17:36:04,892] [INFO] django.server: "GET /static/admin/js/jquery.init.js HTTP/1.1" 304 0
[2019-09-02 17:36:04,892] [INFO] django.server: "GET /static/admin/js/jquery.init.js HTTP/1.1" 304 0
[2019-09-02 17:36:05,141] [INFO] django.server: "GET /static/admin/img/tooltag-add.svg HTTP/1.1" 304 0
[2019-09-02 17:36:05,141] [INFO] django.server: "GET /static/admin/img/tooltag-add.svg HTTP/1.1" 304 0
[2019-09-02 17:36:05,273] [INFO] django.server: "GET /favicon.ico HTTP/1.1" 200 2625
[2019-09-02 17:36:05,273] [INFO] django.server: "GET /favicon.ico HTTP/1.1" 200 2625
[2019-09-02 17:36:06,772] [INFO] django.server: "GET /admin/website/diagnosesession/1/change/ HTTP/1.1" 200 9185
[2019-09-02 17:36:06,772] [INFO] django.server: "GET /admin/website/diagnosesession/1/change/ HTTP/1.1" 200 9185
[2019-09-02 17:36:06,794] [INFO] django.server: "GET /admin/jsi18n/ HTTP/1.1" 200 3185
[2019-09-02 17:36:06,794] [INFO] django.server: "GET /admin/jsi18n/ HTTP/1.1" 200 3185
[2019-09-02 17:36:06,797] [INFO] django.server: "GET /static/admin/css/forms.css HTTP/1.1" 304 0
[2019-09-02 17:36:06,797] [INFO] django.server: "GET /static/admin/css/forms.css HTTP/1.1" 304 0
[2019-09-02 17:36:06,919] [INFO] django.server: "GET /static/admin/css/widgets.css HTTP/1.1" 304 0
[2019-09-02 17:36:06,919] [INFO] django.server: "GET /static/admin/css/widgets.css HTTP/1.1" 304 0
[2019-09-02 17:36:06,933] [INFO] django.server: "GET /static/admin/js/change_form.js HTTP/1.1" 304 0
[2019-09-02 17:36:06,933] [INFO] django.server: "GET /static/admin/js/change_form.js HTTP/1.1" 304 0
[2019-09-02 17:36:06,937] [INFO] django.server: "GET /static/admin/js/prepopulate_init.js HTTP/1.1" 304 0
[2019-09-02 17:36:06,937] [INFO] django.server: "GET /static/admin/js/prepopulate_init.js HTTP/1.1" 304 0
[2019-09-02 17:36:07,081] [INFO] django.server: "GET /favicon.ico HTTP/1.1" 200 2625
[2019-09-02 17:36:07,081] [INFO] django.server: "GET /favicon.ico HTTP/1.1" 200 2625
[2019-09-02 17:36:08,520] [INFO] django.server: "GET /admin/website/diagnosesession/ HTTP/1.1" 200 4498
[2019-09-02 17:36:08,520] [INFO] django.server: "GET /admin/website/diagnosesession/ HTTP/1.1" 200 4498
[2019-09-02 17:36:08,772] [INFO] django.server: "GET /favicon.ico HTTP/1.1" 200 2625
[2019-09-02 17:36:08,772] [INFO] django.server: "GET /favicon.ico HTTP/1.1" 200 2625
[2019-09-02 17:36:09,192] [INFO] django.server: "GET /admin/ HTTP/1.1" 200 5304
[2019-09-02 17:36:09,192] [INFO] django.server: "GET /admin/ HTTP/1.1" 200 5304
[2019-09-02 17:36:09,425] [INFO] django.server: "GET /favicon.ico HTTP/1.1" 200 2625
[2019-09-02 17:36:09,425] [INFO] django.server: "GET /favicon.ico HTTP/1.1" 200 2625
[2019-09-02 17:36:10,688] [INFO] django.server: "GET /admin/website/duration/ HTTP/1.1" 200 4424
[2019-09-02 17:36:10,688] [INFO] django.server: "GET /admin/website/duration/ HTTP/1.1" 200 4424
[2019-09-02 17:36:10,710] [INFO] django.server: "GET /admin/jsi18n/ HTTP/1.1" 200 3185
[2019-09-02 17:36:10,710] [INFO] django.server: "GET /admin/jsi18n/ HTTP/1.1" 200 3185
[2019-09-02 17:36:10,932] [INFO] django.server: "GET /favicon.ico HTTP/1.1" 200 2625
[2019-09-02 17:36:10,932] [INFO] django.server: "GET /favicon.ico HTTP/1.1" 200 2625
[2019-09-02 17:36:12,606] [INFO] django.server: "GET /admin/website/duration/1/change/ HTTP/1.1" 200 6081
[2019-09-02 17:36:12,606] [INFO] django.server: "GET /admin/website/duration/1/change/ HTTP/1.1" 200 6081
[2019-09-02 17:36:12,626] [INFO] django.server: "GET /admin/jsi18n/ HTTP/1.1" 200 3185
[2019-09-02 17:36:12,626] [INFO] django.server: "GET /admin/jsi18n/ HTTP/1.1" 200 3185
[2019-09-02 17:36:12,886] [INFO] django.server: "GET /favicon.ico HTTP/1.1" 200 2625
[2019-09-02 17:36:12,886] [INFO] django.server: "GET /favicon.ico HTTP/1.1" 200 2625
[2019-09-02 17:36:34,052] [INFO] django.server: "POST /admin/website/duration/1/change/ HTTP/1.1" 302 0
[2019-09-02 17:36:34,052] [INFO] django.server: "POST /admin/website/duration/1/change/ HTTP/1.1" 302 0
[2019-09-02 17:36:34,079] [INFO] django.server: "GET /admin/website/duration/ HTTP/1.1" 200 4634
[2019-09-02 17:36:34,079] [INFO] django.server: "GET /admin/website/duration/ HTTP/1.1" 200 4634
[2019-09-02 17:36:34,106] [INFO] django.server: "GET /admin/jsi18n/ HTTP/1.1" 200 3185
[2019-09-02 17:36:34,106] [INFO] django.server: "GET /admin/jsi18n/ HTTP/1.1" 200 3185
[2019-09-02 17:36:34,466] [INFO] django.server: "GET /static/admin/img/icon-yes.svg HTTP/1.1" 304 0
[2019-09-02 17:36:34,466] [INFO] django.server: "GET /static/admin/img/icon-yes.svg HTTP/1.1" 304 0
[2019-09-02 17:36:34,586] [INFO] django.server: "GET /favicon.ico HTTP/1.1" 200 2625
[2019-09-02 17:36:34,586] [INFO] django.server: "GET /favicon.ico HTTP/1.1" 200 2625
[2019-09-02 17:36:37,458] [INFO] django.server: "GET /admin/website/ HTTP/1.1" 200 4097
[2019-09-02 17:36:37,458] [INFO] django.server: "GET /admin/website/ HTTP/1.1" 200 4097
[2019-09-02 17:36:37,697] [INFO] django.server: "GET /favicon.ico HTTP/1.1" 200 2625
[2019-09-02 17:36:37,697] [INFO] django.server: "GET /favicon.ico HTTP/1.1" 200 2625
[2019-09-02 17:36:45,177] [INFO] django.server: "GET /admin/website/toycar/ HTTP/1.1" 200 3254
[2019-09-02 17:36:45,177] [INFO] django.server: "GET /admin/website/toycar/ HTTP/1.1" 200 3254
[2019-09-02 17:36:45,205] [INFO] django.server: "GET /admin/jsi18n/ HTTP/1.1" 200 3185
[2019-09-02 17:36:45,205] [INFO] django.server: "GET /admin/jsi18n/ HTTP/1.1" 200 3185
[2019-09-02 17:36:45,663] [INFO] django.server: "GET /favicon.ico HTTP/1.1" 200 2625
[2019-09-02 17:36:45,663] [INFO] django.server: "GET /favicon.ico HTTP/1.1" 200 2625
[2019-09-02 17:36:46,860] [INFO] django.server: "GET /admin/website/ HTTP/1.1" 200 4097
[2019-09-02 17:36:46,860] [INFO] django.server: "GET /admin/website/ HTTP/1.1" 200 4097
[2019-09-02 17:36:47,099] [INFO] django.server: "GET /favicon.ico HTTP/1.1" 200 2625
[2019-09-02 17:36:47,099] [INFO] django.server: "GET /favicon.ico HTTP/1.1" 200 2625
[2019-09-02 17:36:48,137] [INFO] django.server: "GET /admin/website/patient/ HTTP/1.1" 200 4395
[2019-09-02 17:36:48,137] [INFO] django.server: "GET /admin/website/patient/ HTTP/1.1" 200 4395
[2019-09-02 17:36:48,162] [INFO] django.server: "GET /admin/jsi18n/ HTTP/1.1" 200 3185
[2019-09-02 17:36:48,162] [INFO] django.server: "GET /admin/jsi18n/ HTTP/1.1" 200 3185
[2019-09-02 17:36:48,379] [INFO] django.server: "GET /favicon.ico HTTP/1.1" 200 2625
[2019-09-02 17:36:48,379] [INFO] django.server: "GET /favicon.ico HTTP/1.1" 200 2625
[2019-09-02 17:36:49,581] [INFO] django.server: "GET /admin/website/ HTTP/1.1" 200 4097
[2019-09-02 17:36:49,581] [INFO] django.server: "GET /admin/website/ HTTP/1.1" 200 4097
[2019-09-02 17:36:49,833] [INFO] django.server: "GET /favicon.ico HTTP/1.1" 200 2625
[2019-09-02 17:36:49,833] [INFO] django.server: "GET /favicon.ico HTTP/1.1" 200 2625
[2019-09-02 17:36:50,541] [INFO] django.server: "GET /admin/website/duration/ HTTP/1.1" 200 4424
[2019-09-02 17:36:50,541] [INFO] django.server: "GET /admin/website/duration/ HTTP/1.1" 200 4424
[2019-09-02 17:36:50,805] [INFO] django.server: "GET /favicon.ico HTTP/1.1" 200 2625
[2019-09-02 17:36:50,805] [INFO] django.server: "GET /favicon.ico HTTP/1.1" 200 2625
[2019-09-02 17:36:52,292] [INFO] django.server: "GET /admin/ HTTP/1.1" 200 5653
[2019-09-02 17:36:52,292] [INFO] django.server: "GET /admin/ HTTP/1.1" 200 5653
[2019-09-02 17:36:52,545] [INFO] django.server: "GET /favicon.ico HTTP/1.1" 200 2625
[2019-09-02 17:36:52,545] [INFO] django.server: "GET /favicon.ico HTTP/1.1" 200 2625
[2019-09-02 17:36:58,555] [INFO] django.server: "GET /admin/auth/user/ HTTP/1.1" 200 6663
[2019-09-02 17:36:58,555] [INFO] django.server: "GET /admin/auth/user/ HTTP/1.1" 200 6663
[2019-09-02 17:36:58,583] [INFO] django.server: "GET /admin/jsi18n/ HTTP/1.1" 200 3185
[2019-09-02 17:36:58,583] [INFO] django.server: "GET /admin/jsi18n/ HTTP/1.1" 200 3185
[2019-09-02 17:36:58,594] [INFO] django.server: "GET /static/admin/img/search.svg HTTP/1.1" 304 0
[2019-09-02 17:36:58,594] [INFO] django.server: "GET /static/admin/img/search.svg HTTP/1.1" 304 0
[2019-09-02 17:36:58,751] [INFO] django.server: "GET /static/admin/img/sorting-icons.svg HTTP/1.1" 304 0
[2019-09-02 17:36:58,751] [INFO] django.server: "GET /static/admin/img/sorting-icons.svg HTTP/1.1" 304 0
[2019-09-02 17:36:58,862] [INFO] django.server: "GET /favicon.ico HTTP/1.1" 200 2625
[2019-09-02 17:36:58,862] [INFO] django.server: "GET /favicon.ico HTTP/1.1" 200 2625
[2019-09-02 17:37:00,607] [INFO] django.server: "GET /admin/ HTTP/1.1" 200 5653
[2019-09-02 17:37:00,607] [INFO] django.server: "GET /admin/ HTTP/1.1" 200 5653
[2019-09-02 17:37:00,852] [INFO] django.server: "GET /favicon.ico HTTP/1.1" 200 2625
[2019-09-02 17:37:00,852] [INFO] django.server: "GET /favicon.ico HTTP/1.1" 200 2625
[2019-09-02 17:37:01,760] [INFO] django.server: "GET /admin/auth/group/ HTTP/1.1" 200 3584
[2019-09-02 17:37:01,760] [INFO] django.server: "GET /admin/auth/group/ HTTP/1.1" 200 3584
[2019-09-02 17:37:01,787] [INFO] django.server: "GET /admin/jsi18n/ HTTP/1.1" 200 3185
[2019-09-02 17:37:01,787] [INFO] django.server: "GET /admin/jsi18n/ HTTP/1.1" 200 3185
[2019-09-02 17:37:02,042] [INFO] django.server: "GET /favicon.ico HTTP/1.1" 200 2625
[2019-09-02 17:37:02,042] [INFO] django.server: "GET /favicon.ico HTTP/1.1" 200 2625
[2019-09-02 17:37:02,815] [INFO] django.server: "GET /admin/ HTTP/1.1" 200 5653
[2019-09-02 17:37:02,815] [INFO] django.server: "GET /admin/ HTTP/1.1" 200 5653
[2019-09-02 17:37:03,096] [INFO] django.server: "GET /favicon.ico HTTP/1.1" 200 2625
[2019-09-02 17:37:03,096] [INFO] django.server: "GET /favicon.ico HTTP/1.1" 200 2625
[2019-09-02 17:58:41,222] [INFO] django.server: "GET / HTTP/1.1" 200 2625
[2019-09-02 17:58:41,222] [INFO] django.server: "GET / HTTP/1.1" 200 2625
[2019-09-02 17:58:42,296] [WARNING] django.server: "GET /static/logo192.png HTTP/1.1" 404 1771
[2019-09-02 17:58:42,296] [WARNING] django.server: "GET /static/logo192.png HTTP/1.1" 404 1771
[2019-09-02 17:58:59,768] [INFO] django.server: "GET /static/js/main.5f82cc4e.chunk.js.map HTTP/1.1" 200 123977
[2019-09-02 17:58:59,768] [INFO] django.server: "GET /static/js/main.5f82cc4e.chunk.js.map HTTP/1.1" 200 123977
[2019-09-02 17:58:59,770] [INFO] django.server: "GET /static/js/2.02f93b46.chunk.js.map HTTP/1.1" 200 1069503
[2019-09-02 17:58:59,770] [INFO] django.server: "GET /static/js/2.02f93b46.chunk.js.map HTTP/1.1" 200 1069503
[2019-09-02 17:58:59,844] [INFO] django.server: "GET /static/css/main.16b4eca1.chunk.css.map HTTP/1.1" 200 276038
[2019-09-02 17:58:59,844] [INFO] django.server: "GET /static/css/main.16b4eca1.chunk.css.map HTTP/1.1" 200 276038
[2019-09-02 17:58:59,844] [INFO] django.server: "GET /static/css/2.a5214209.chunk.css.map HTTP/1.1" 200 476196
[2019-09-02 17:58:59,844] [INFO] django.server: "GET /static/css/2.a5214209.chunk.css.map HTTP/1.1" 200 476196
[2019-09-02 17:59:15,449] [INFO] django.server: "OPTIONS /api/auth/login HTTP/1.1" 200 0
[2019-09-02 17:59:15,449] [INFO] django.server: "OPTIONS /api/auth/login HTTP/1.1" 200 0
[2019-09-02 17:59:15,534] [INFO] django.server: "POST /api/auth/login HTTP/1.1" 200 114
[2019-09-02 17:59:15,534] [INFO] django.server: "POST /api/auth/login HTTP/1.1" 200 114
[2019-09-02 17:59:15,557] [INFO] django.server: "OPTIONS /api/auth/check HTTP/1.1" 200 0
[2019-09-02 17:59:15,557] [INFO] django.server: "OPTIONS /api/auth/check HTTP/1.1" 200 0
[2019-09-02 17:59:15,564] [INFO] django.server: "GET /api/auth/check HTTP/1.1" 200 22
[2019-09-02 17:59:15,564] [INFO] django.server: "GET /api/auth/check HTTP/1.1" 200 22
[2019-09-02 17:59:15,577] [INFO] django.server: "OPTIONS /api/session/status/ HTTP/1.1" 200 0
[2019-09-02 17:59:15,577] [INFO] django.server: "OPTIONS /api/session/status/ HTTP/1.1" 200 0
[2019-09-02 17:59:15,577] [INFO] django.server: "OPTIONS /api/user/ HTTP/1.1" 200 0
[2019-09-02 17:59:15,577] [INFO] django.server: "OPTIONS /api/user/ HTTP/1.1" 200 0
[2019-09-02 17:59:15,643] [INFO] django.server: "GET /api/user/ HTTP/1.1" 200 165
[2019-09-02 17:59:15,643] [INFO] django.server: "GET /api/user/ HTTP/1.1" 200 165
[2019-09-02 17:59:15,718] [WARNING] django.server: "GET /api/session/status/ HTTP/1.1" 403 47
[2019-09-02 17:59:15,718] [WARNING] django.server: "GET /api/session/status/ HTTP/1.1" 403 47
[2019-09-02 17:59:15,733] [INFO] django.server: "OPTIONS /api/stage/parrot/commands/ HTTP/1.1" 200 0
[2019-09-02 17:59:15,733] [INFO] django.server: "OPTIONS /api/stage/parrot/commands/ HTTP/1.1" 200 0
[2019-09-02 17:59:15,793] [INFO] django.server: "GET /api/stage/parrot/commands/ HTTP/1.1" 200 29
[2019-09-02 17:59:15,793] [INFO] django.server: "GET /api/stage/parrot/commands/ HTTP/1.1" 200 29
[2019-09-02 17:59:18,220] [INFO] django.server: "OPTIONS /api/session/start/ HTTP/1.1" 200 0
[2019-09-02 17:59:18,220] [INFO] django.server: "OPTIONS /api/session/start/ HTTP/1.1" 200 0
[2019-09-02 17:59:18,392] [INFO] django.server: "GET /api/session/start/ HTTP/1.1" 200 65
[2019-09-02 17:59:18,392] [INFO] django.server: "GET /api/session/start/ HTTP/1.1" 200 65
[2019-09-02 17:59:23,385] [INFO] django.server: "OPTIONS /api/stage/game/send_data/ HTTP/1.1" 200 0
[2019-09-02 17:59:23,385] [INFO] django.server: "OPTIONS /api/stage/game/send_data/ HTTP/1.1" 200 0
[2019-09-02 17:59:23,508] [INFO] django.server: "POST /api/stage/game/send_data/ HTTP/1.1" 200 0
[2019-09-02 17:59:23,508] [INFO] django.server: "POST /api/stage/game/send_data/ HTTP/1.1" 200 0
[2019-09-02 17:59:23,514] [INFO] django.server: "OPTIONS /api/stage/wheel/start/ HTTP/1.1" 200 0
[2019-09-02 17:59:23,514] [INFO] django.server: "OPTIONS /api/stage/wheel/start/ HTTP/1.1" 200 0
[2019-09-02 17:59:23,650] [INFO] django.server: "GET /api/stage/wheel/start/ HTTP/1.1" 200 66
[2019-09-02 17:59:23,650] [INFO] django.server: "GET /api/stage/wheel/start/ HTTP/1.1" 200 66
[2019-09-02 17:59:28,150] [INFO] django.server: "OPTIONS /api/stage/parrot/start/ HTTP/1.1" 200 0
[2019-09-02 17:59:28,150] [INFO] django.server: "OPTIONS /api/stage/parrot/start/ HTTP/1.1" 200 0
[2019-09-02 17:59:28,317] [INFO] django.server: "GET /api/stage/parrot/start/ HTTP/1.1" 200 67
[2019-09-02 17:59:28,317] [INFO] django.server: "GET /api/stage/parrot/start/ HTTP/1.1" 200 67
[2019-09-02 17:59:28,378] [INFO] django.server: "GET /api/stage/parrot/commands/ HTTP/1.1" 200 29
[2019-09-02 17:59:28,378] [INFO] django.server: "GET /api/stage/parrot/commands/ HTTP/1.1" 200 29
[2019-09-02 17:59:39,754] [INFO] django.server: "OPTIONS /api/stage/parrot/stop/ HTTP/1.1" 200 0
[2019-09-02 17:59:39,754] [INFO] django.server: "OPTIONS /api/stage/parrot/stop/ HTTP/1.1" 200 0
[2019-09-02 17:59:39,901] [INFO] django.server: "GET /api/stage/parrot/stop/ HTTP/1.1" 200 2
[2019-09-02 17:59:39,901] [INFO] django.server: "GET /api/stage/parrot/stop/ HTTP/1.1" 200 2
[2019-09-07 09:53:53,807] [INFO] django.server: "GET / HTTP/1.1" 200 2625
[2019-09-07 09:53:53,807] [INFO] django.server: "GET / HTTP/1.1" 200 2625
[2019-09-07 09:53:53,875] [INFO] django.server: "GET /static/js/2.02f93b46.chunk.js HTTP/1.1" 200 287581
[2019-09-07 09:53:53,897] [INFO] django.server: "GET /static/css/main.16b4eca1.chunk.css HTTP/1.1" 200 155193
[2019-09-07 09:53:53,875] [INFO] django.server: "GET /static/js/2.02f93b46.chunk.js HTTP/1.1" 200 287581
[2019-09-07 09:53:53,897] [INFO] django.server: "GET /static/css/main.16b4eca1.chunk.css HTTP/1.1" 200 155193
[2019-09-07 09:53:53,936] [INFO] django.server: "GET /static/js/main.5f82cc4e.chunk.js HTTP/1.1" 200 63623
[2019-09-07 09:53:53,936] [INFO] django.server: "GET /static/js/main.5f82cc4e.chunk.js HTTP/1.1" 200 63623
[2019-09-07 09:53:53,944] [INFO] django.server: "GET /static/css/2.a5214209.chunk.css HTTP/1.1" 200 147285
[2019-09-07 09:53:53,944] [INFO] django.server: "GET /static/css/2.a5214209.chunk.css HTTP/1.1" 200 147285
[2019-09-07 09:53:54,547] [INFO] django.server: "GET /static/media/bars.af398927.png HTTP/1.1" 200 22882
[2019-09-07 09:53:54,547] [INFO] django.server: "GET /static/media/bars.af398927.png HTTP/1.1" 200 22882
[2019-09-07 09:53:54,552] [INFO] django.server: "GET /static/media/movement.4d981b1e.png HTTP/1.1" 200 48362
[2019-09-07 09:53:54,552] [INFO] django.server: "GET /static/media/movement.4d981b1e.png HTTP/1.1" 200 48362
[2019-09-07 09:53:55,568] [INFO] django.server: "GET /static/manifest.json HTTP/1.1" 200 497
[2019-09-07 09:53:55,568] [INFO] django.server: "GET /static/manifest.json HTTP/1.1" 200 497
[2019-09-07 09:53:55,631] [WARNING] django.server: "GET /static/logo192.png HTTP/1.1" 404 1771
[2019-09-07 09:53:55,631] [WARNING] django.server: "GET /static/logo192.png HTTP/1.1" 404 1771
[2019-09-07 09:54:01,221] [INFO] django.server: "OPTIONS /api/auth/login HTTP/1.1" 200 0
[2019-09-07 09:54:01,221] [INFO] django.server: "OPTIONS /api/auth/login HTTP/1.1" 200 0
[2019-09-07 09:54:01,228] [WARNING] django.server: "POST /api/auth/login HTTP/1.1" 401 175
[2019-09-07 09:54:01,228] [WARNING] django.server: "POST /api/auth/login HTTP/1.1" 401 175
[2019-09-07 09:54:01,270] [INFO] django.server: "GET /static/media/boy.3f330c6e.png HTTP/1.1" 200 10553
[2019-09-07 09:54:01,270] [INFO] django.server: "GET /static/media/boy.3f330c6e.png HTTP/1.1" 200 10553
[2019-09-07 09:54:01,277] [INFO] django.server: "GET /static/media/doctor.ab197cba.png HTTP/1.1" 200 38054
[2019-09-07 09:54:01,278] [INFO] django.server: "GET /static/media/calendar.319f9be4.png HTTP/1.1" 200 24258
[2019-09-07 09:54:01,277] [INFO] django.server: "GET /static/media/doctor.ab197cba.png HTTP/1.1" 200 38054
[2019-09-07 09:54:01,278] [INFO] django.server: "GET /static/media/calendar.319f9be4.png HTTP/1.1" 200 24258
[2019-09-07 09:54:01,278] [INFO] django.server: "GET /static/media/gender.8990fa32.png HTTP/1.1" 200 17451
[2019-09-07 09:54:01,278] [INFO] django.server: "GET /static/media/gender.8990fa32.png HTTP/1.1" 200 17451
[2019-09-07 09:54:01,279] [INFO] django.server: "GET /static/media/ID.76180fb2.png HTTP/1.1" 200 27698
[2019-09-07 09:54:01,279] [INFO] django.server: "GET /static/media/ID.76180fb2.png HTTP/1.1" 200 27698
[2019-09-07 09:54:01,280] [INFO] django.server: "GET /static/media/phone.f5b9a765.png HTTP/1.1" 200 34617
[2019-09-07 09:54:01,280] [INFO] django.server: "GET /static/media/phone.f5b9a765.png HTTP/1.1" 200 34617
[2019-09-07 09:54:31,729] [INFO] django.server: "OPTIONS /api/user/ HTTP/1.1" 200 0
[2019-09-07 09:54:31,729] [INFO] django.server: "OPTIONS /api/user/ HTTP/1.1" 200 0
[2019-09-07 09:54:31,799] [INFO] django.server: "POST /api/user/ HTTP/1.1" 201 153
[2019-09-07 09:54:31,799] [INFO] django.server: "POST /api/user/ HTTP/1.1" 201 153
[2019-09-07 09:54:31,899] [INFO] django.server: "POST /api/auth/login HTTP/1.1" 200 114
[2019-09-07 09:54:31,899] [INFO] django.server: "POST /api/auth/login HTTP/1.1" 200 114
[2019-09-07 09:54:31,912] [INFO] django.server: "OPTIONS /api/auth/check HTTP/1.1" 200 0
[2019-09-07 09:54:31,912] [INFO] django.server: "OPTIONS /api/auth/check HTTP/1.1" 200 0
[2019-09-07 09:54:31,928] [INFO] django.server: "GET /api/auth/check HTTP/1.1" 200 22
[2019-09-07 09:54:31,928] [INFO] django.server: "GET /api/auth/check HTTP/1.1" 200 22
[2019-09-07 09:54:31,938] [INFO] django.server: "OPTIONS /api/session/status/ HTTP/1.1" 200 0
[2019-09-07 09:54:31,938] [INFO] django.server: "OPTIONS /api/session/status/ HTTP/1.1" 200 0
[2019-09-07 09:54:32,016] [INFO] django.server: "GET /api/user/ HTTP/1.1" 200 166
[2019-09-07 09:54:32,016] [INFO] django.server: "GET /api/user/ HTTP/1.1" 200 166
[2019-09-07 09:54:32,091] [WARNING] django.server: "GET /api/session/status/ HTTP/1.1" 403 47
[2019-09-07 09:54:32,091] [WARNING] django.server: "GET /api/session/status/ HTTP/1.1" 403 47
[2019-09-07 09:54:32,105] [INFO] django.server: "OPTIONS /api/stage/parrot/commands/ HTTP/1.1" 200 0
[2019-09-07 09:54:32,105] [INFO] django.server: "OPTIONS /api/stage/parrot/commands/ HTTP/1.1" 200 0
[2019-09-07 09:54:32,166] [INFO] django.server: "GET /api/stage/parrot/commands/ HTTP/1.1" 200 29
[2019-09-07 09:54:32,166] [INFO] django.server: "GET /api/stage/parrot/commands/ HTTP/1.1" 200 29
[2019-09-07 09:54:34,465] [INFO] django.server: "OPTIONS /api/session/start/ HTTP/1.1" 200 0
[2019-09-07 09:54:34,465] [INFO] django.server: "OPTIONS /api/session/start/ HTTP/1.1" 200 0
[2019-09-07 09:54:34,782] [INFO] django.server: "GET /api/session/start/ HTTP/1.1" 200 65
[2019-09-07 09:54:34,782] [INFO] django.server: "GET /api/session/start/ HTTP/1.1" 200 65
[2019-09-07 09:54:56,587] [INFO] django.server: "OPTIONS /api/stage/game/send_data/ HTTP/1.1" 200 0
[2019-09-07 09:54:56,587] [INFO] django.server: "OPTIONS /api/stage/game/send_data/ HTTP/1.1" 200 0
[2019-09-07 09:54:56,725] [INFO] django.server: "POST /api/stage/game/send_data/ HTTP/1.1" 200 0
[2019-09-07 09:54:56,725] [INFO] django.server: "POST /api/stage/game/send_data/ HTTP/1.1" 200 0
[2019-09-07 09:54:56,730] [INFO] django.server: "OPTIONS /api/stage/wheel/start/ HTTP/1.1" 200 0
[2019-09-07 09:54:56,730] [INFO] django.server: "OPTIONS /api/stage/wheel/start/ HTTP/1.1" 200 0
[2019-09-07 09:54:56,892] [INFO] django.server: "GET /api/stage/wheel/start/ HTTP/1.1" 200 66
[2019-09-07 09:54:56,892] [INFO] django.server: "GET /api/stage/wheel/start/ HTTP/1.1" 200 66
[2019-09-07 09:55:33,039] [INFO] django.server: "OPTIONS /api/stage/parrot/start/ HTTP/1.1" 200 0
[2019-09-07 09:55:33,039] [INFO] django.server: "OPTIONS /api/stage/parrot/start/ HTTP/1.1" 200 0
[2019-09-07 09:55:33,213] [INFO] django.server: "GET /api/stage/parrot/start/ HTTP/1.1" 200 67
[2019-09-07 09:55:33,213] [INFO] django.server: "GET /api/stage/parrot/start/ HTTP/1.1" 200 67
[2019-09-07 09:55:33,288] [INFO] django.server: "GET /api/stage/parrot/commands/ HTTP/1.1" 200 29
[2019-09-07 09:55:33,288] [INFO] django.server: "GET /api/stage/parrot/commands/ HTTP/1.1" 200 29
[2019-09-07 09:55:44,578] [INFO] django.server: "OPTIONS /api/stage/parrot/stop/ HTTP/1.1" 200 0
[2019-09-07 09:55:44,578] [INFO] django.server: "OPTIONS /api/stage/parrot/stop/ HTTP/1.1" 200 0
[2019-09-07 09:55:44,729] [INFO] django.server: "GET /api/stage/parrot/stop/ HTTP/1.1" 200 2
[2019-09-07 09:55:44,729] [INFO] django.server: "GET /api/stage/parrot/stop/ HTTP/1.1" 200 2
[2019-09-07 10:05:10,642] [INFO] django.server: "GET /admin/ HTTP/1.1" 302 0
[2019-09-07 10:05:10,642] [INFO] django.server: "GET /admin/ HTTP/1.1" 302 0
[2019-09-07 10:05:10,739] [INFO] django.server: "GET /admin/login/?next=/admin/ HTTP/1.1" 200 1855
[2019-09-07 10:05:10,739] [INFO] django.server: "GET /admin/login/?next=/admin/ HTTP/1.1" 200 1855
[2019-09-07 10:05:10,792] [INFO] django.server: "GET /static/admin/css/login.css HTTP/1.1" 200 1203
[2019-09-07 10:05:10,792] [INFO] django.server: "GET /static/admin/css/login.css HTTP/1.1" 200 1203
[2019-09-07 10:05:10,793] [INFO] django.server: "GET /static/admin/css/base.css HTTP/1.1" 200 16106
[2019-09-07 10:05:10,793] [INFO] django.server: "GET /static/admin/css/base.css HTTP/1.1" 200 16106
[2019-09-07 10:05:10,793] [INFO] django.server: "GET /static/admin/css/responsive.css HTTP/1.1" 200 17894
[2019-09-07 10:05:10,793] [INFO] django.server: "GET /static/admin/css/responsive.css HTTP/1.1" 200 17894
[2019-09-07 10:05:11,116] [INFO] django.server: "GET /static/admin/css/fonts.css HTTP/1.1" 200 423
[2019-09-07 10:05:11,116] [INFO] django.server: "GET /static/admin/css/fonts.css HTTP/1.1" 200 423
[2019-09-07 10:05:11,260] [INFO] django.server: "GET /static/admin/fonts/Roboto-Light-webfont.woff HTTP/1.1" 200 81348
[2019-09-07 10:05:11,260] [INFO] django.server: "GET /static/admin/fonts/Roboto-Light-webfont.woff HTTP/1.1" 200 81348
[2019-09-07 10:05:11,261] [INFO] django.server: "GET /static/admin/fonts/Roboto-Regular-webfont.woff HTTP/1.1" 200 80304
[2019-09-07 10:05:11,261] [INFO] django.server: "GET /static/admin/fonts/Roboto-Regular-webfont.woff HTTP/1.1" 200 80304
[2019-09-07 10:05:11,311] [INFO] django.server: "GET /favicon.ico HTTP/1.1" 200 2625
[2019-09-07 10:05:11,311] [INFO] django.server: "GET /favicon.ico HTTP/1.1" 200 2625
[2019-09-07 10:05:13,271] [INFO] django.server: "POST /admin/login/?next=/admin/ HTTP/1.1" 302 0
[2019-09-07 10:05:13,271] [INFO] django.server: "POST /admin/login/?next=/admin/ HTTP/1.1" 302 0
[2019-09-07 10:05:13,298] [INFO] django.server: "GET /admin/ HTTP/1.1" 200 5653
[2019-09-07 10:05:13,298] [INFO] django.server: "GET /admin/ HTTP/1.1" 200 5653
[2019-09-07 10:05:13,315] [INFO] django.server: "GET /static/admin/css/dashboard.css HTTP/1.1" 200 412
[2019-09-07 10:05:13,315] [INFO] django.server: "GET /static/admin/css/dashboard.css HTTP/1.1" 200 412
[2019-09-07 10:05:13,476] [INFO] django.server: "GET /static/admin/img/icon-changelink.svg HTTP/1.1" 200 380
[2019-09-07 10:05:13,476] [INFO] django.server: "GET /static/admin/img/icon-addlink.svg HTTP/1.1" 200 331
[2019-09-07 10:05:13,476] [INFO] django.server: "GET /static/admin/img/icon-changelink.svg HTTP/1.1" 200 380
[2019-09-07 10:05:13,476] [INFO] django.server: "GET /static/admin/img/icon-addlink.svg HTTP/1.1" 200 331
[2019-09-07 10:05:13,481] [INFO] django.server: "GET /static/admin/fonts/Roboto-Bold-webfont.woff HTTP/1.1" 200 82564
[2019-09-07 10:05:13,481] [INFO] django.server: "GET /static/admin/fonts/Roboto-Bold-webfont.woff HTTP/1.1" 200 82564
[2019-09-07 10:05:13,598] [INFO] django.server: "GET /favicon.ico HTTP/1.1" 200 2625
[2019-09-07 10:05:13,598] [INFO] django.server: "GET /favicon.ico HTTP/1.1" 200 2625
[2019-09-07 10:05:17,006] [INFO] django.server: "GET /admin/website/command/ HTTP/1.1" 200 3256
[2019-09-07 10:05:17,006] [INFO] django.server: "GET /admin/website/command/ HTTP/1.1" 200 3256
[2019-09-07 10:05:17,041] [INFO] django.server: "GET /static/admin/css/changelists.css HTTP/1.1" 200 6170
[2019-09-07 10:05:17,041] [INFO] django.server: "GET /static/admin/css/changelists.css HTTP/1.1" 200 6170
[2019-09-07 10:05:17,051] [INFO] django.server: "GET /static/admin/js/core.js HTTP/1.1" 200 7134
[2019-09-07 10:05:17,051] [INFO] django.server: "GET /static/admin/js/core.js HTTP/1.1" 200 7134
[2019-09-07 10:05:17,052] [INFO] django.server: "GET /static/admin/js/actions.js HTTP/1.1" 200 6502
[2019-09-07 10:05:17,052] [INFO] django.server: "GET /static/admin/js/actions.js HTTP/1.1" 200 6502
[2019-09-07 10:05:17,052] [INFO] django.server: "GET /static/admin/js/admin/RelatedObjectLookups.js HTTP/1.1" 200 6897
[2019-09-07 10:05:17,052] [INFO] django.server: "GET /static/admin/js/jquery.init.js HTTP/1.1" 200 363
[2019-09-07 10:05:17,052] [INFO] django.server: "GET /static/admin/js/admin/RelatedObjectLookups.js HTTP/1.1" 200 6897
[2019-09-07 10:05:17,052] [INFO] django.server: "GET /static/admin/js/jquery.init.js HTTP/1.1" 200 363
[2019-09-07 10:05:17,065] [INFO] django.server: "GET /admin/jsi18n/ HTTP/1.1" 200 3185
[2019-09-07 10:05:17,065] [INFO] django.server: "GET /admin/jsi18n/ HTTP/1.1" 200 3185
[2019-09-07 10:05:17,065] [INFO] django.server: "GET /static/admin/js/urlify.js HTTP/1.1" 200 8729
[2019-09-07 10:05:17,065] [INFO] django.server: "GET /static/admin/js/urlify.js HTTP/1.1" 200 8729
[2019-09-07 10:05:17,069] [INFO] django.server: "GET /static/admin/js/prepopulate.js HTTP/1.1" 200 1538
[2019-09-07 10:05:17,069] [INFO] django.server: "GET /static/admin/js/prepopulate.js HTTP/1.1" 200 1538
[2019-09-07 10:05:17,072] [INFO] django.server: "GET /static/admin/js/vendor/jquery/jquery.js HTTP/1.1" 200 258648
[2019-09-07 10:05:17,072] [INFO] django.server: "GET /static/admin/js/vendor/jquery/jquery.js HTTP/1.1" 200 258648
[2019-09-07 10:05:17,073] [INFO] django.server: "GET /static/admin/js/vendor/xregexp/xregexp.js HTTP/1.1" 200 128820
[2019-09-07 10:05:17,073] [INFO] django.server: "GET /static/admin/js/vendor/xregexp/xregexp.js HTTP/1.1" 200 128820
[2019-09-07 10:05:17,237] [INFO] django.server: "GET /static/admin/img/tooltag-add.svg HTTP/1.1" 200 331
[2019-09-07 10:05:17,237] [INFO] django.server: "GET /static/admin/img/tooltag-add.svg HTTP/1.1" 200 331
[2019-09-07 10:05:17,309] [INFO] django.server: "GET /favicon.ico HTTP/1.1" 200 2625
[2019-09-07 10:05:17,309] [INFO] django.server: "GET /favicon.ico HTTP/1.1" 200 2625
[2019-09-07 10:05:18,881] [INFO] django.server: "GET /admin/website/command/add/ HTTP/1.1" 200 7547
[2019-09-07 10:05:18,881] [INFO] django.server: "GET /admin/website/command/add/ HTTP/1.1" 200 7547
[2019-09-07 10:05:18,905] [INFO] django.server: "GET /static/admin/css/forms.css HTTP/1.1" 200 8173
[2019-09-07 10:05:18,905] [INFO] django.server: "GET /static/admin/css/forms.css HTTP/1.1" 200 8173
[2019-09-07 10:05:18,906] [INFO] django.server: "GET /static/admin/js/change_form.js HTTP/1.1" 200 712
[2019-09-07 10:05:18,906] [INFO] django.server: "GET /static/admin/js/change_form.js HTTP/1.1" 200 712
[2019-09-07 10:05:18,908] [INFO] django.server: "GET /admin/jsi18n/ HTTP/1.1" 200 3185
[2019-09-07 10:05:18,909] [INFO] django.server: "GET /static/admin/js/prepopulate_init.js HTTP/1.1" 200 495
[2019-09-07 10:05:18,908] [INFO] django.server: "GET /admin/jsi18n/ HTTP/1.1" 200 3185
[2019-09-07 10:05:18,909] [INFO] django.server: "GET /static/admin/js/prepopulate_init.js HTTP/1.1" 200 495
[2019-09-07 10:05:19,025] [INFO] django.server: "GET /static/admin/css/widgets.css HTTP/1.1" 200 10340
[2019-09-07 10:05:19,025] [INFO] django.server: "GET /static/admin/css/widgets.css HTTP/1.1" 200 10340
[2019-09-07 10:05:19,225] [INFO] django.server: "GET /favicon.ico HTTP/1.1" 200 2625
[2019-09-07 10:05:19,225] [INFO] django.server: "GET /favicon.ico HTTP/1.1" 200 2625
[2019-09-07 10:07:57,677] [INFO] django.server: "POST /admin/website/command/add/ HTTP/1.1" 302 0
[2019-09-07 10:07:57,677] [INFO] django.server: "POST /admin/website/command/add/ HTTP/1.1" 302 0
[2019-09-07 10:07:57,746] [INFO] django.server: "GET /admin/website/command/add/ HTTP/1.1" 200 7769
[2019-09-07 10:07:57,746] [INFO] django.server: "GET /admin/website/command/add/ HTTP/1.1" 200 7769
[2019-09-07 10:07:57,767] [INFO] django.server: "GET /admin/jsi18n/ HTTP/1.1" 200 3185
[2019-09-07 10:07:57,767] [INFO] django.server: "GET /admin/jsi18n/ HTTP/1.1" 200 3185
[2019-09-07 10:07:58,140] [INFO] django.server: "GET /static/admin/img/icon-yes.svg HTTP/1.1" 200 436
[2019-09-07 10:07:58,140] [INFO] django.server: "GET /static/admin/img/icon-yes.svg HTTP/1.1" 200 436
[2019-09-07 10:07:58,274] [INFO] django.server: "GET /favicon.ico HTTP/1.1" 200 2625
[2019-09-07 10:07:58,274] [INFO] django.server: "GET /favicon.ico HTTP/1.1" 200 2625
[2019-09-07 10:08:10,124] [INFO] django.server: "GET // HTTP/1.1" 200 2625
[2019-09-07 10:08:10,124] [INFO] django.server: "GET // HTTP/1.1" 200 2625
[2019-09-07 10:08:10,145] [INFO] django.server: "GET //static/css/2.a5214209.chunk.css HTTP/1.1" 200 2625
[2019-09-07 10:08:10,145] [INFO] django.server: "GET //static/css/2.a5214209.chunk.css HTTP/1.1" 200 2625
[2019-09-07 10:08:10,148] [INFO] django.server: "GET //static/js/2.02f93b46.chunk.js HTTP/1.1" 200 2625
[2019-09-07 10:08:10,148] [INFO] django.server: "GET //static/css/main.16b4eca1.chunk.css HTTP/1.1" 200 2625
[2019-09-07 10:08:10,148] [INFO] django.server: "GET //static/js/2.02f93b46.chunk.js HTTP/1.1" 200 2625
[2019-09-07 10:08:10,148] [INFO] django.server: "GET //static/css/main.16b4eca1.chunk.css HTTP/1.1" 200 2625
[2019-09-07 10:08:10,152] [INFO] django.server: "GET //static/js/main.5f82cc4e.chunk.js HTTP/1.1" 200 2625
[2019-09-07 10:08:10,152] [INFO] django.server: "GET //static/js/main.5f82cc4e.chunk.js HTTP/1.1" 200 2625
[2019-09-07 10:08:10,597] [INFO] django.server: "GET //static/manifest.json HTTP/1.1" 200 2625
[2019-09-07 10:08:10,597] [INFO] django.server: "GET //static/manifest.json HTTP/1.1" 200 2625
[2019-09-07 10:08:10,602] [INFO] django.server: "GET //static/favicon.ico? HTTP/1.1" 200 2625
[2019-09-07 10:08:10,602] [INFO] django.server: "GET //static/favicon.ico? HTTP/1.1" 200 2625
[2019-09-07 10:08:10,609] [INFO] django.server: "GET //favicon.ico HTTP/1.1" 200 2625
[2019-09-07 10:08:10,609] [INFO] django.server: "GET //favicon.ico HTTP/1.1" 200 2625
[2019-09-07 10:08:12,677] [INFO] django.server: "GET / HTTP/1.1" 200 2625
[2019-09-07 10:08:12,677] [INFO] django.server: "GET / HTTP/1.1" 200 2625
[2019-09-07 10:08:12,879] [INFO] django.server: "GET /api/auth/check HTTP/1.1" 200 22
[2019-09-07 10:08:12,879] [INFO] django.server: "GET /api/auth/check HTTP/1.1" 200 22
[2019-09-07 10:08:13,007] [INFO] django.server: "GET /api/user/ HTTP/1.1" 200 166
[2019-09-07 10:08:13,007] [INFO] django.server: "GET /api/user/ HTTP/1.1" 200 166
[2019-09-07 10:08:13,012] [WARNING] django.server: "GET /static/logo192.png HTTP/1.1" 404 1771
[2019-09-07 10:08:13,012] [WARNING] django.server: "GET /static/logo192.png HTTP/1.1" 404 1771
[2019-09-07 10:08:13,088] [WARNING] django.server: "GET /api/session/status/ HTTP/1.1" 403 47
[2019-09-07 10:08:13,088] [WARNING] django.server: "GET /api/session/status/ HTTP/1.1" 403 47
[2019-09-07 10:08:13,173] [INFO] django.server: "GET /api/stage/parrot/commands/ HTTP/1.1" 200 105
[2019-09-07 10:08:13,173] [INFO] django.server: "GET /api/stage/parrot/commands/ HTTP/1.1" 200 105
[2019-09-07 10:08:15,313] [INFO] django.server: "GET /api/session/start/ HTTP/1.1" 200 65
[2019-09-07 10:08:15,313] [INFO] django.server: "GET /api/session/start/ HTTP/1.1" 200 65
[2019-09-07 10:08:20,538] [INFO] django.server: "POST /api/stage/game/send_data/ HTTP/1.1" 200 0
[2019-09-07 10:08:20,538] [INFO] django.server: "POST /api/stage/game/send_data/ HTTP/1.1" 200 0
[2019-09-07 10:08:20,714] [INFO] django.server: "GET /api/stage/wheel/start/ HTTP/1.1" 200 66
[2019-09-07 10:08:20,714] [INFO] django.server: "GET /api/stage/wheel/start/ HTTP/1.1" 200 66
[2019-09-07 10:08:24,072] [INFO] django.server: "GET /api/stage/parrot/start/ HTTP/1.1" 200 67
[2019-09-07 10:08:24,072] [INFO] django.server: "GET /api/stage/parrot/start/ HTTP/1.1" 200 67
[2019-09-07 10:08:24,159] [INFO] django.server: "GET /api/stage/parrot/commands/ HTTP/1.1" 200 105
[2019-09-07 10:08:24,159] [INFO] django.server: "GET /api/stage/parrot/commands/ HTTP/1.1" 200 105
[2019-09-07 10:08:27,272] [INFO] django.server: "GET / HTTP/1.1" 200 2625
[2019-09-07 10:08:27,272] [INFO] django.server: "GET / HTTP/1.1" 200 2625
[2019-09-07 10:08:27,646] [INFO] django.server: "GET /api/auth/check HTTP/1.1" 200 22
[2019-09-07 10:08:27,646] [INFO] django.server: "GET /api/auth/check HTTP/1.1" 200 22
[2019-09-07 10:08:27,812] [WARNING] django.server: "GET /static/logo192.png HTTP/1.1" 404 1771
[2019-09-07 10:08:27,812] [WARNING] django.server: "GET /static/logo192.png HTTP/1.1" 404 1771
[2019-09-07 10:08:27,821] [INFO] django.server: "GET /static/favicon.ico? HTTP/1.1" 200 209762
[2019-09-07 10:08:27,821] [INFO] django.server: "GET /static/favicon.ico? HTTP/1.1" 200 209762
[2019-09-07 10:08:27,830] [INFO] django.server: "GET /favicon.ico HTTP/1.1" 200 2625
[2019-09-07 10:08:27,830] [INFO] django.server: "GET /favicon.ico HTTP/1.1" 200 2625
[2019-09-07 10:08:27,900] [INFO] django.server: "GET /api/session/status/ HTTP/1.1" 200 149
[2019-09-07 10:08:27,900] [INFO] django.server: "GET /api/session/status/ HTTP/1.1" 200 149
[2019-09-07 10:08:27,983] [INFO] django.server: "GET /api/user/ HTTP/1.1" 200 166
[2019-09-07 10:08:27,983] [INFO] django.server: "GET /api/user/ HTTP/1.1" 200 166
[2019-09-07 10:08:28,059] [INFO] django.server: "GET /api/stage/parrot/commands/ HTTP/1.1" 200 105
[2019-09-07 10:08:28,059] [INFO] django.server: "GET /api/stage/parrot/commands/ HTTP/1.1" 200 105
[2019-09-07 10:08:32,046] [INFO] django.server: "GET /admin/website/command/ HTTP/1.1" 200 4395
[2019-09-07 10:08:32,046] [INFO] django.server: "GET /admin/website/command/ HTTP/1.1" 200 4395
[2019-09-07 10:08:32,071] [INFO] django.server: "GET /admin/jsi18n/ HTTP/1.1" 200 3185
[2019-09-07 10:08:32,071] [INFO] django.server: "GET /admin/jsi18n/ HTTP/1.1" 200 3185
[2019-09-07 10:08:32,560] [INFO] django.server: "GET /favicon.ico HTTP/1.1" 200 2625
[2019-09-07 10:08:32,560] [INFO] django.server: "GET /favicon.ico HTTP/1.1" 200 2625
[2019-09-07 10:08:37,549] [INFO] django.server: "GET /admin/ HTTP/1.1" 200 5945
[2019-09-07 10:08:37,549] [INFO] django.server: "GET /admin/ HTTP/1.1" 200 5945
[2019-09-07 10:08:37,801] [INFO] django.server: "GET /favicon.ico HTTP/1.1" 200 2625
[2019-09-07 10:08:37,801] [INFO] django.server: "GET /favicon.ico HTTP/1.1" 200 2625
[2019-09-07 10:08:41,105] [INFO] django.server: "GET /admin/website/duration/ HTTP/1.1" 200 4424
[2019-09-07 10:08:41,105] [INFO] django.server: "GET /admin/website/duration/ HTTP/1.1" 200 4424
[2019-09-07 10:08:41,126] [INFO] django.server: "GET /admin/jsi18n/ HTTP/1.1" 200 3185
[2019-09-07 10:08:41,126] [INFO] django.server: "GET /admin/jsi18n/ HTTP/1.1" 200 3185
[2019-09-07 10:08:41,367] [INFO] django.server: "GET /favicon.ico HTTP/1.1" 200 2625
[2019-09-07 10:08:41,367] [INFO] django.server: "GET /favicon.ico HTTP/1.1" 200 2625
[2019-09-07 10:08:43,102] [INFO] django.server: "GET /admin/website/duration/1/change/ HTTP/1.1" 200 6081
[2019-09-07 10:08:43,102] [INFO] django.server: "GET /admin/website/duration/1/change/ HTTP/1.1" 200 6081
[2019-09-07 10:08:43,129] [INFO] django.server: "GET /admin/jsi18n/ HTTP/1.1" 200 3185
[2019-09-07 10:08:43,129] [INFO] django.server: "GET /admin/jsi18n/ HTTP/1.1" 200 3185
[2019-09-07 10:08:43,362] [INFO] django.server: "GET /favicon.ico HTTP/1.1" 200 2625
[2019-09-07 10:08:43,362] [INFO] django.server: "GET /favicon.ico HTTP/1.1" 200 2625
[2019-09-07 10:08:45,507] [INFO] django.server: "GET /admin/website/duration/ HTTP/1.1" 200 4424
[2019-09-07 10:08:45,507] [INFO] django.server: "GET /admin/website/duration/ HTTP/1.1" 200 4424
[2019-09-07 10:08:45,780] [INFO] django.server: "GET /favicon.ico HTTP/1.1" 200 2625
[2019-09-07 10:08:45,780] [INFO] django.server: "GET /favicon.ico HTTP/1.1" 200 2625
[2019-09-07 10:08:46,309] [INFO] django.server: "GET /admin/ HTTP/1.1" 200 5945
[2019-09-07 10:08:46,309] [INFO] django.server: "GET /admin/ HTTP/1.1" 200 5945
[2019-09-07 10:08:46,571] [INFO] django.server: "GET /favicon.ico HTTP/1.1" 200 2625
[2019-09-07 10:08:46,571] [INFO] django.server: "GET /favicon.ico HTTP/1.1" 200 2625
[2019-09-07 10:09:09,343] [INFO] django.server: "GET /api/user/ HTTP/1.1" 200 166
[2019-09-07 10:09:09,343] [INFO] django.server: "GET /api/user/ HTTP/1.1" 200 166
[2019-09-07 10:09:15,748] [INFO] django.server: "OPTIONS /api/session/stop/ HTTP/1.1" 200 0
[2019-09-07 10:09:15,748] [INFO] django.server: "OPTIONS /api/session/stop/ HTTP/1.1" 200 0
[2019-09-07 10:09:15,875] [INFO] django.server: "GET /api/session/stop/ HTTP/1.1" 200 0
[2019-09-07 10:09:15,875] [INFO] django.server: "GET /api/session/stop/ HTTP/1.1" 200 0
[2019-09-07 10:09:15,952] [WARNING] django.server: "GET /api/session/status/ HTTP/1.1" 403 47
[2019-09-07 10:09:15,952] [WARNING] django.server: "GET /api/session/status/ HTTP/1.1" 403 47
[2019-09-07 10:09:16,012] [INFO] django.server: "GET /api/stage/parrot/commands/ HTTP/1.1" 200 105
[2019-09-07 10:09:16,012] [INFO] django.server: "GET /api/stage/parrot/commands/ HTTP/1.1" 200 105
[2019-09-07 10:09:22,661] [INFO] django.server: "GET / HTTP/1.1" 200 2625
[2019-09-07 10:09:22,661] [INFO] django.server: "GET / HTTP/1.1" 200 2625
[2019-09-07 10:09:23,040] [INFO] django.server: "GET /api/auth/check HTTP/1.1" 200 22
[2019-09-07 10:09:23,040] [INFO] django.server: "GET /api/auth/check HTTP/1.1" 200 22
[2019-09-07 10:09:23,160] [WARNING] django.server: "GET /api/session/status/ HTTP/1.1" 403 47
[2019-09-07 10:09:23,160] [WARNING] django.server: "GET /api/session/status/ HTTP/1.1" 403 47
[2019-09-07 10:09:23,246] [INFO] django.server: "GET /api/user/ HTTP/1.1" 200 166
[2019-09-07 10:09:23,246] [INFO] django.server: "GET /api/user/ HTTP/1.1" 200 166
[2019-09-07 10:09:23,253] [WARNING] django.server: "GET /static/logo192.png HTTP/1.1" 404 1771
[2019-09-07 10:09:23,253] [WARNING] django.server: "GET /static/logo192.png HTTP/1.1" 404 1771
[2019-09-07 10:09:23,312] [INFO] django.server: "GET /api/stage/parrot/commands/ HTTP/1.1" 200 105
[2019-09-07 10:09:23,312] [INFO] django.server: "GET /api/stage/parrot/commands/ HTTP/1.1" 200 105
[2019-09-07 10:09:32,849] [INFO] django.server: "GET / HTTP/1.1" 200 2625
[2019-09-07 10:09:32,849] [INFO] django.server: "GET / HTTP/1.1" 200 2625
[2019-09-07 10:09:33,218] [INFO] django.server: "GET /api/auth/check HTTP/1.1" 200 22
[2019-09-07 10:09:33,218] [INFO] django.server: "GET /api/auth/check HTTP/1.1" 200 22
[2019-09-07 10:09:33,392] [WARNING] django.server: "GET /static/logo192.png HTTP/1.1" 404 1771
[2019-09-07 10:09:33,392] [WARNING] django.server: "GET /static/logo192.png HTTP/1.1" 404 1771
[2019-09-07 10:09:33,437] [INFO] django.server: "GET /api/user/ HTTP/1.1" 200 166
[2019-09-07 10:09:33,437] [INFO] django.server: "GET /api/user/ HTTP/1.1" 200 166
[2019-09-07 10:09:33,487] [WARNING] django.server: "GET /api/session/status/ HTTP/1.1" 403 47
[2019-09-07 10:09:33,487] [WARNING] django.server: "GET /api/session/status/ HTTP/1.1" 403 47
[2019-09-07 10:09:33,562] [INFO] django.server: "GET /api/stage/parrot/commands/ HTTP/1.1" 200 105
[2019-09-07 10:09:33,562] [INFO] django.server: "GET /api/stage/parrot/commands/ HTTP/1.1" 200 105
[2019-09-07 10:10:13,874] [INFO] django.server: "GET / HTTP/1.1" 200 2625
[2019-09-07 10:10:13,874] [INFO] django.server: "GET / HTTP/1.1" 200 2625
[2019-09-07 10:10:14,258] [INFO] django.server: "GET /api/auth/check HTTP/1.1" 200 22
[2019-09-07 10:10:14,258] [INFO] django.server: "GET /api/auth/check HTTP/1.1" 200 22
[2019-09-07 10:10:14,374] [WARNING] django.server: "GET /api/session/status/ HTTP/1.1" 403 47
[2019-09-07 10:10:14,374] [WARNING] django.server: "GET /api/session/status/ HTTP/1.1" 403 47
[2019-09-07 10:10:14,449] [INFO] django.server: "GET /api/user/ HTTP/1.1" 200 166
[2019-09-07 10:10:14,449] [INFO] django.server: "GET /api/user/ HTTP/1.1" 200 166
[2019-09-07 10:10:14,522] [WARNING] django.server: "GET /static/logo192.png HTTP/1.1" 404 1771
[2019-09-07 10:10:14,522] [WARNING] django.server: "GET /static/logo192.png HTTP/1.1" 404 1771
[2019-09-07 10:10:14,532] [INFO] django.server: "GET /api/stage/parrot/commands/ HTTP/1.1" 200 105
[2019-09-07 10:10:14,532] [INFO] django.server: "GET /api/stage/parrot/commands/ HTTP/1.1" 200 105
[2019-09-07 10:10:16,866] [INFO] django.server: "GET /api/user/ HTTP/1.1" 200 166
[2019-09-07 10:10:16,866] [INFO] django.server: "GET /api/user/ HTTP/1.1" 200 166
[2019-09-08 05:55:03,251] [INFO] django.server: "GET / HTTP/1.1" 200 2625
[2019-09-08 05:55:03,251] [INFO] django.server: "GET / HTTP/1.1" 200 2625
[2019-09-08 05:55:04,489] [INFO] django.server: "GET /static/js/main.5f82cc4e.chunk.js HTTP/1.1" 304 0
[2019-09-08 05:55:04,489] [INFO] django.server: "GET /static/js/main.5f82cc4e.chunk.js HTTP/1.1" 304 0
[2019-09-08 05:55:04,490] [INFO] django.server: "GET /static/css/2.a5214209.chunk.css HTTP/1.1" 304 0
[2019-09-08 05:55:04,490] [INFO] django.server: "GET /static/css/main.16b4eca1.chunk.css HTTP/1.1" 304 0
[2019-09-08 05:55:04,490] [INFO] django.server: "GET /static/js/2.02f93b46.chunk.js HTTP/1.1" 304 0
[2019-09-08 05:55:04,490] [INFO] django.server: "GET /static/css/2.a5214209.chunk.css HTTP/1.1" 304 0
[2019-09-08 05:55:04,490] [INFO] django.server: "GET /static/css/main.16b4eca1.chunk.css HTTP/1.1" 304 0
[2019-09-08 05:55:04,490] [INFO] django.server: "GET /static/js/2.02f93b46.chunk.js HTTP/1.1" 304 0
[2019-09-08 05:55:04,675] [INFO] django.server: "OPTIONS /api/auth/check HTTP/1.1" 200 0
[2019-09-08 05:55:04,675] [INFO] django.server: "OPTIONS /api/auth/check HTTP/1.1" 200 0
[2019-09-08 05:55:04,752] [INFO] django.server: "GET /static/media/movement.4d981b1e.png HTTP/1.1" 304 0
[2019-09-08 05:55:04,752] [INFO] django.server: "GET /static/media/movement.4d981b1e.png HTTP/1.1" 304 0
[2019-09-08 05:55:04,773] [INFO] django.server: "GET /api/auth/check HTTP/1.1" 200 22
[2019-09-08 05:55:04,773] [INFO] django.server: "GET /api/auth/check HTTP/1.1" 200 22
[2019-09-08 05:55:04,906] [INFO] django.server: "GET /static/manifest.json HTTP/1.1" 304 0
[2019-09-08 05:55:04,906] [INFO] django.server: "GET /static/manifest.json HTTP/1.1" 304 0
[2019-09-08 05:55:05,048] [INFO] django.server: "OPTIONS /api/session/status/ HTTP/1.1" 200 0
[2019-09-08 05:55:05,048] [INFO] django.server: "OPTIONS /api/session/status/ HTTP/1.1" 200 0
[2019-09-08 05:55:05,048] [INFO] django.server: "OPTIONS /api/user/ HTTP/1.1" 200 0
[2019-09-08 05:55:05,048] [INFO] django.server: "OPTIONS /api/user/ HTTP/1.1" 200 0
[2019-09-08 05:55:05,069] [INFO] django.server: "GET /static/media/bars.af398927.png HTTP/1.1" 304 0
[2019-09-08 05:55:05,069] [INFO] django.server: "GET /static/media/bars.af398927.png HTTP/1.1" 304 0
[2019-09-08 05:55:05,510] [WARNING] django.server: "GET /static/logo192.png HTTP/1.1" 404 1771
[2019-09-08 05:55:05,510] [WARNING] django.server: "GET /static/logo192.png HTTP/1.1" 404 1771
[2019-09-08 05:55:05,989] [WARNING] django.server: "GET /api/user/ HTTP/1.1" 403 26
[2019-09-08 05:55:05,989] [WARNING] django.server: "GET /api/user/ HTTP/1.1" 403 26
[2019-09-08 05:55:06,121] [INFO] django.server: "GET /static/media/notification.651771e1.woff HTTP/1.1" 200 1984
[2019-09-08 05:55:06,121] [INFO] django.server: "GET /static/media/notification.651771e1.woff HTTP/1.1" 200 1984
[2019-09-08 05:55:06,491] [WARNING] django.server: "GET /api/session/status/ HTTP/1.1" 403 26
[2019-09-08 05:55:06,491] [WARNING] django.server: "GET /api/session/status/ HTTP/1.1" 403 26
[2019-09-08 05:55:06,509] [INFO] django.server: "OPTIONS /api/stage/parrot/commands/ HTTP/1.1" 200 0
[2019-09-08 05:55:06,509] [INFO] django.server: "OPTIONS /api/stage/parrot/commands/ HTTP/1.1" 200 0
[2019-09-08 05:55:06,552] [WARNING] django.server: "GET /api/stage/parrot/commands/ HTTP/1.1" 403 26
[2019-09-08 05:55:06,552] [WARNING] django.server: "GET /api/stage/parrot/commands/ HTTP/1.1" 403 26
[2019-09-08 05:55:12,069] [WARNING] django.server: "GET /api/user/ HTTP/1.1" 403 26
[2019-09-08 05:55:12,069] [WARNING] django.server: "GET /api/user/ HTTP/1.1" 403 26
[2019-09-08 05:55:18,077] [WARNING] django.server: "GET /api/user/ HTTP/1.1" 403 26
[2019-09-08 05:55:18,077] [WARNING] django.server: "GET /api/user/ HTTP/1.1" 403 26
[2019-09-08 05:55:19,855] [INFO] django.server: "GET / HTTP/1.1" 200 2625
[2019-09-08 05:55:19,855] [INFO] django.server: "GET / HTTP/1.1" 200 2625
[2019-09-08 05:55:20,290] [INFO] django.server: "GET /api/auth/check HTTP/1.1" 200 23
[2019-09-08 05:55:20,290] [INFO] django.server: "GET /api/auth/check HTTP/1.1" 200 23
[2019-09-08 05:55:20,454] [WARNING] django.server: "GET /static/logo192.png HTTP/1.1" 404 1771
[2019-09-08 05:55:20,454] [WARNING] django.server: "GET /static/logo192.png HTTP/1.1" 404 1771
[2019-09-08 05:55:20,460] [INFO] django.server: "GET /static/favicon.ico? HTTP/1.1" 304 0
[2019-09-08 05:55:20,460] [INFO] django.server: "GET /static/favicon.ico? HTTP/1.1" 304 0
[2019-09-08 05:55:20,482] [INFO] django.server: "GET /favicon.ico HTTP/1.1" 200 2625
[2019-09-08 05:55:20,482] [INFO] django.server: "GET /favicon.ico HTTP/1.1" 200 2625
[2019-09-08 05:55:28,008] [INFO] django.server: "OPTIONS /api/auth/login HTTP/1.1" 200 0
[2019-09-08 05:55:28,008] [INFO] django.server: "OPTIONS /api/auth/login HTTP/1.1" 200 0
[2019-09-08 05:55:28,067] [INFO] django.server: "POST /api/auth/login HTTP/1.1" 200 114
[2019-09-08 05:55:28,067] [INFO] django.server: "POST /api/auth/login HTTP/1.1" 200 114
[2019-09-08 05:55:28,085] [INFO] django.server: "GET /api/auth/check HTTP/1.1" 200 22
[2019-09-08 05:55:28,085] [INFO] django.server: "GET /api/auth/check HTTP/1.1" 200 22
[2019-09-08 05:55:28,351] [WARNING] django.server: "GET /api/session/status/ HTTP/1.1" 403 47
[2019-09-08 05:55:28,351] [WARNING] django.server: "GET /api/session/status/ HTTP/1.1" 403 47
[2019-09-08 05:55:28,418] [INFO] django.server: "GET /api/stage/parrot/commands/ HTTP/1.1" 200 105
[2019-09-08 05:55:28,418] [INFO] django.server: "GET /api/stage/parrot/commands/ HTTP/1.1" 200 105
[2019-09-08 05:55:28,485] [INFO] django.server: "GET /api/user/ HTTP/1.1" 200 165
[2019-09-08 05:55:28,485] [INFO] django.server: "GET /api/user/ HTTP/1.1" 200 165
[2019-09-08 05:55:28,517] [INFO] django.server: "GET /static/media/phone.f5b9a765.png HTTP/1.1" 304 0
[2019-09-08 05:55:28,517] [INFO] django.server: "GET /static/media/phone.f5b9a765.png HTTP/1.1" 304 0
[2019-09-08 05:55:28,519] [INFO] django.server: "GET /static/media/boy.3f330c6e.png HTTP/1.1" 304 0
[2019-09-08 05:55:28,519] [INFO] django.server: "GET /static/media/boy.3f330c6e.png HTTP/1.1" 304 0
[2019-09-08 05:55:28,525] [INFO] django.server: "GET /static/media/calendar.319f9be4.png HTTP/1.1" 304 0
[2019-09-08 05:55:28,525] [INFO] django.server: "GET /static/media/calendar.319f9be4.png HTTP/1.1" 304 0
[2019-09-08 05:55:28,532] [INFO] django.server: "GET /static/media/ID.76180fb2.png HTTP/1.1" 304 0
[2019-09-08 05:55:28,532] [INFO] django.server: "GET /static/media/ID.76180fb2.png HTTP/1.1" 304 0
[2019-09-08 05:55:28,557] [INFO] django.server: "GET /static/media/doctor.ab197cba.png HTTP/1.1" 304 0
[2019-09-08 05:55:28,557] [INFO] django.server: "GET /static/media/doctor.ab197cba.png HTTP/1.1" 304 0
[2019-09-08 05:55:30,419] [INFO] django.server: "OPTIONS /api/auth/logout HTTP/1.1" 200 0
[2019-09-08 05:55:30,419] [INFO] django.server: "OPTIONS /api/auth/logout HTTP/1.1" 200 0
[2019-09-08 05:55:30,525] [INFO] django.server: "POST /api/auth/logout HTTP/1.1" 200 30
[2019-09-08 05:55:30,525] [INFO] django.server: "POST /api/auth/logout HTTP/1.1" 200 30
[2019-09-15 04:58:29,664] [INFO] django.server: "GET /admin/ HTTP/1.1" 200 5945
[2019-09-15 04:58:29,664] [INFO] django.server: "GET /admin/ HTTP/1.1" 200 5945
[2019-09-15 04:58:30,177] [INFO] django.server: "GET /static/admin/img/icon-no.svg HTTP/1.1" 200 560
[2019-09-15 04:58:30,177] [INFO] django.server: "GET /static/admin/img/icon-no.svg HTTP/1.1" 200 560
[2019-09-15 04:58:30,178] [INFO] django.server: "GET /static/admin/img/sorting-icons.svg HTTP/1.1" 200 1097
[2019-09-15 04:58:30,178] [INFO] django.server: "GET /static/admin/img/sorting-icons.svg HTTP/1.1" 200 1097
[2019-09-15 04:58:30,178] [INFO] django.server: "GET /static/admin/img/icon-alert.svg HTTP/1.1" 200 504
[2019-09-15 04:58:30,178] [INFO] django.server: "GET /static/admin/img/icon-alert.svg HTTP/1.1" 200 504
[2019-09-15 04:58:30,179] [INFO] django.server: "GET /static/admin/img/tooltag-arrowright.svg HTTP/1.1" 200 280
[2019-09-15 04:58:30,179] [INFO] django.server: "GET /static/admin/img/icon-deletelink.svg HTTP/1.1" 200 392
[2019-09-15 04:58:30,179] [INFO] django.server: "GET /static/admin/img/tooltag-arrowright.svg HTTP/1.1" 200 280
[2019-09-15 04:58:30,179] [INFO] django.server: "GET /static/admin/img/icon-deletelink.svg HTTP/1.1" 200 392
[2019-09-15 04:58:30,246] [INFO] django.server: "GET /img/icon-changelink.svg HTTP/1.1" 200 2625
[2019-09-15 04:58:30,246] [INFO] django.server: "GET /img/icon-addlink.svg HTTP/1.1" 200 2625
[2019-09-15 04:58:30,246] [INFO] django.server: "GET /img/icon-changelink.svg HTTP/1.1" 200 2625
[2019-09-15 04:58:30,246] [INFO] django.server: "GET /img/icon-addlink.svg HTTP/1.1" 200 2625
[2019-09-15 04:58:30,377] [INFO] django.server: "GET /favicon.ico HTTP/1.1" 200 2625
[2019-09-15 04:58:30,377] [INFO] django.server: "GET /favicon.ico HTTP/1.1" 200 2625
[2019-09-15 04:58:32,452] [INFO] django.server: "GET /admin/website/command/ HTTP/1.1" 200 4395
[2019-09-15 04:58:32,452] [INFO] django.server: "GET /admin/website/command/ HTTP/1.1" 200 4395
[2019-09-15 04:58:32,564] [INFO] django.server: "GET /admin/jsi18n/ HTTP/1.1" 200 3185
[2019-09-15 04:58:32,564] [INFO] django.server: "GET /admin/jsi18n/ HTTP/1.1" 200 3185
[2019-09-15 04:58:32,669] [INFO] django.server: "GET /admin/website/img/tooltag-add.svg HTTP/1.1" 200 2625
[2019-09-15 04:58:32,669] [INFO] django.server: "GET /admin/website/img/tooltag-add.svg HTTP/1.1" 200 2625
[2019-09-15 04:58:32,793] [INFO] django.server: "GET /favicon.ico HTTP/1.1" 200 2625
[2019-09-15 04:58:32,793] [INFO] django.server: "GET /favicon.ico HTTP/1.1" 200 2625
[2019-09-15 04:58:42,369] [INFO] django.server: "GET / HTTP/1.1" 200 2625
[2019-09-15 04:58:42,369] [INFO] django.server: "GET / HTTP/1.1" 200 2625
[2019-09-15 04:58:42,439] [INFO] django.server: "GET /static/css/main.16b4eca1.chunk.css HTTP/1.1" 304 0
[2019-09-15 04:58:42,439] [INFO] django.server: "GET /static/css/main.16b4eca1.chunk.css HTTP/1.1" 304 0
[2019-09-15 04:58:42,454] [INFO] django.server: "GET /static/css/2.a5214209.chunk.css HTTP/1.1" 304 0
[2019-09-15 04:58:42,454] [INFO] django.server: "GET /static/css/2.a5214209.chunk.css HTTP/1.1" 304 0
[2019-09-15 04:58:42,455] [INFO] django.server: "GET /static/js/main.5f82cc4e.chunk.js HTTP/1.1" 304 0
[2019-09-15 04:58:42,455] [INFO] django.server: "GET /static/js/main.5f82cc4e.chunk.js HTTP/1.1" 304 0
[2019-09-15 04:58:42,468] [INFO] django.server: "GET /static/js/2.02f93b46.chunk.js HTTP/1.1" 304 0
[2019-09-15 04:58:42,468] [INFO] django.server: "GET /static/js/2.02f93b46.chunk.js HTTP/1.1" 304 0
[2019-09-15 04:58:42,961] [INFO] django.server: "GET /static/media/movement.4d981b1e.png HTTP/1.1" 304 0
[2019-09-15 04:58:42,961] [INFO] django.server: "GET /static/media/movement.4d981b1e.png HTTP/1.1" 304 0
[2019-09-15 04:58:42,968] [INFO] django.server: "GET /static/media/bars.af398927.png HTTP/1.1" 304 0
[2019-09-15 04:58:42,968] [INFO] django.server: "GET /static/media/bars.af398927.png HTTP/1.1" 304 0
[2019-09-15 04:58:43,127] [INFO] django.server: "GET /static/manifest.json HTTP/1.1" 304 0
[2019-09-15 04:58:43,127] [INFO] django.server: "GET /static/manifest.json HTTP/1.1" 304 0
[2019-09-15 04:58:43,152] [WARNING] django.server: "GET /static/logo192.png HTTP/1.1" 404 1771
[2019-09-15 04:58:43,152] [WARNING] django.server: "GET /static/logo192.png HTTP/1.1" 404 1771
[2019-09-15 04:58:50,702] [INFO] django.server: "OPTIONS /api/auth/login HTTP/1.1" 200 0
[2019-09-15 04:58:50,702] [INFO] django.server: "OPTIONS /api/auth/login HTTP/1.1" 200 0
[2019-09-15 04:58:50,760] [INFO] django.server: "POST /api/auth/login HTTP/1.1" 200 114
[2019-09-15 04:58:50,760] [INFO] django.server: "POST /api/auth/login HTTP/1.1" 200 114
[2019-09-15 04:58:50,776] [INFO] django.server: "OPTIONS /api/auth/check HTTP/1.1" 200 0
[2019-09-15 04:58:50,776] [INFO] django.server: "OPTIONS /api/auth/check HTTP/1.1" 200 0
[2019-09-15 04:58:50,797] [INFO] django.server: "GET /api/auth/check HTTP/1.1" 200 22
[2019-09-15 04:58:50,797] [INFO] django.server: "GET /api/auth/check HTTP/1.1" 200 22
[2019-09-15 04:58:50,808] [INFO] django.server: "OPTIONS /api/session/status/ HTTP/1.1" 200 0
[2019-09-15 04:58:50,808] [INFO] django.server: "OPTIONS /api/session/status/ HTTP/1.1" 200 0
[2019-09-15 04:58:50,811] [INFO] django.server: "OPTIONS /api/user/ HTTP/1.1" 200 0
[2019-09-15 04:58:50,811] [INFO] django.server: "OPTIONS /api/user/ HTTP/1.1" 200 0
[2019-09-15 04:58:50,902] [WARNING] django.server: "GET /api/session/status/ HTTP/1.1" 403 47
[2019-09-15 04:58:50,902] [WARNING] django.server: "GET /api/session/status/ HTTP/1.1" 403 47
[2019-09-15 04:58:50,916] [INFO] django.server: "OPTIONS /api/stage/parrot/commands/ HTTP/1.1" 200 0
[2019-09-15 04:58:50,916] [INFO] django.server: "OPTIONS /api/stage/parrot/commands/ HTTP/1.1" 200 0
[2019-09-15 04:58:50,978] [INFO] django.server: "GET /api/user/ HTTP/1.1" 200 165
[2019-09-15 04:58:50,978] [INFO] django.server: "GET /api/user/ HTTP/1.1" 200 165
[2019-09-15 04:58:51,004] [INFO] django.server: "GET /static/media/boy.3f330c6e.png HTTP/1.1" 304 0
[2019-09-15 04:58:51,004] [INFO] django.server: "GET /static/media/boy.3f330c6e.png HTTP/1.1" 304 0
[2019-09-15 04:58:51,070] [INFO] django.server: "GET /static/media/phone.f5b9a765.png HTTP/1.1" 304 0
[2019-09-15 04:58:51,070] [INFO] django.server: "GET /static/media/phone.f5b9a765.png HTTP/1.1" 304 0
[2019-09-15 04:58:51,092] [INFO] django.server: "GET /static/media/calendar.319f9be4.png HTTP/1.1" 304 0
[2019-09-15 04:58:51,092] [INFO] django.server: "GET /static/media/calendar.319f9be4.png HTTP/1.1" 304 0
[2019-09-15 04:58:51,099] [INFO] django.server: "GET /static/media/doctor.ab197cba.png HTTP/1.1" 304 0
[2019-09-15 04:58:51,099] [INFO] django.server: "GET /static/media/doctor.ab197cba.png HTTP/1.1" 304 0
[2019-09-15 04:58:51,109] [INFO] django.server: "GET /static/media/ID.76180fb2.png HTTP/1.1" 304 0
[2019-09-15 04:58:51,109] [INFO] django.server: "GET /static/media/ID.76180fb2.png HTTP/1.1" 304 0
[2019-09-15 04:58:51,244] [INFO] django.server: "GET /api/stage/parrot/commands/ HTTP/1.1" 200 105
[2019-09-15 04:58:51,244] [INFO] django.server: "GET /api/stage/parrot/commands/ HTTP/1.1" 200 105
[2019-09-15 04:58:58,363] [INFO] django.server: "OPTIONS /api/session/start/ HTTP/1.1" 200 0
[2019-09-15 04:58:58,363] [INFO] django.server: "OPTIONS /api/session/start/ HTTP/1.1" 200 0
[2019-09-15 04:58:58,593] [INFO] django.server: "GET /api/session/start/ HTTP/1.1" 200 65
[2019-09-15 04:58:58,593] [INFO] django.server: "GET /api/session/start/ HTTP/1.1" 200 65
[2019-09-15 04:59:10,530] [INFO] django.server: "OPTIONS /api/stage/game/send_data/ HTTP/1.1" 200 0
[2019-09-15 04:59:10,530] [INFO] django.server: "OPTIONS /api/stage/game/send_data/ HTTP/1.1" 200 0
[2019-09-15 04:59:10,643] [INFO] django.server: "POST /api/stage/game/send_data/ HTTP/1.1" 200 0
[2019-09-15 04:59:10,643] [INFO] django.server: "POST /api/stage/game/send_data/ HTTP/1.1" 200 0
[2019-09-15 04:59:10,649] [INFO] django.server: "OPTIONS /api/stage/wheel/start/ HTTP/1.1" 200 0
[2019-09-15 04:59:10,649] [INFO] django.server: "OPTIONS /api/stage/wheel/start/ HTTP/1.1" 200 0
[2019-09-15 04:59:10,861] [INFO] django.server: "GET /api/stage/wheel/start/ HTTP/1.1" 200 66
[2019-09-15 04:59:10,861] [INFO] django.server: "GET /api/stage/wheel/start/ HTTP/1.1" 200 66
[2019-09-15 04:59:13,949] [INFO] django.server: "OPTIONS /api/stage/parrot/start/ HTTP/1.1" 200 0
[2019-09-15 04:59:13,949] [INFO] django.server: "OPTIONS /api/stage/parrot/start/ HTTP/1.1" 200 0
[2019-09-15 04:59:14,153] [INFO] django.server: "GET /api/stage/parrot/start/ HTTP/1.1" 200 67
[2019-09-15 04:59:14,153] [INFO] django.server: "GET /api/stage/parrot/start/ HTTP/1.1" 200 67
[2019-09-15 04:59:14,273] [INFO] django.server: "GET /api/stage/parrot/commands/ HTTP/1.1" 200 105
[2019-09-15 04:59:14,273] [INFO] django.server: "GET /api/stage/parrot/commands/ HTTP/1.1" 200 105
[2019-09-15 04:59:50,300] [INFO] django.server: "OPTIONS /api/stage/parrot/perform/ HTTP/1.1" 200 0
[2019-09-15 04:59:50,300] [INFO] django.server: "OPTIONS /api/stage/parrot/perform/ HTTP/1.1" 200 0
[2019-09-15 04:59:50,375] [INFO] django.server: "POST /api/stage/parrot/perform/ HTTP/1.1" 200 0
[2019-09-15 04:59:50,375] [INFO] django.server: "POST /api/stage/parrot/perform/ HTTP/1.1" 200 0
[2019-09-15 04:59:50,401] [INFO] django.server: "GET /static/media/notification.651771e1.woff HTTP/1.1" 304 0
[2019-09-15 04:59:50,401] [INFO] django.server: "GET /static/media/notification.651771e1.woff HTTP/1.1" 304 0
[2019-09-15 05:00:03,642] [INFO] django.server: "GET /admin/ HTTP/1.1" 200 5945
[2019-09-15 05:00:03,642] [INFO] django.server: "GET /admin/ HTTP/1.1" 200 5945
[2019-09-15 05:00:04,147] [INFO] django.server: "GET /favicon.ico HTTP/1.1" 200 2625
[2019-09-15 05:00:04,147] [INFO] django.server: "GET /favicon.ico HTTP/1.1" 200 2625
[2019-09-15 05:00:07,593] [INFO] django.server: "GET /admin/website/command/ HTTP/1.1" 200 4395
[2019-09-15 05:00:07,593] [INFO] django.server: "GET /admin/website/command/ HTTP/1.1" 200 4395
[2019-09-15 05:00:07,623] [INFO] django.server: "GET /admin/jsi18n/ HTTP/1.1" 200 3185
[2019-09-15 05:00:07,623] [INFO] django.server: "GET /admin/jsi18n/ HTTP/1.1" 200 3185
[2019-09-15 05:00:07,836] [INFO] django.server: "GET /favicon.ico HTTP/1.1" 200 2625
[2019-09-15 05:00:07,836] [INFO] django.server: "GET /favicon.ico HTTP/1.1" 200 2625
[2019-09-15 05:00:10,725] [INFO] django.server: "GET /admin/website/command/add/ HTTP/1.1" 200 7547
[2019-09-15 05:00:10,725] [INFO] django.server: "GET /admin/website/command/add/ HTTP/1.1" 200 7547
[2019-09-15 05:00:10,752] [INFO] django.server: "GET /admin/jsi18n/ HTTP/1.1" 200 3185
[2019-09-15 05:00:10,752] [INFO] django.server: "GET /admin/jsi18n/ HTTP/1.1" 200 3185
[2019-09-15 05:00:10,970] [INFO] django.server: "GET /favicon.ico HTTP/1.1" 200 2625
[2019-09-15 05:00:10,970] [INFO] django.server: "GET /favicon.ico HTTP/1.1" 200 2625
[2019-09-15 05:00:48,018] [INFO] django.server: "POST /admin/website/command/add/ HTTP/1.1" 200 7737
[2019-09-15 05:00:48,018] [INFO] django.server: "POST /admin/website/command/add/ HTTP/1.1" 200 7737
[2019-09-15 05:00:48,042] [INFO] django.server: "GET /admin/jsi18n/ HTTP/1.1" 200 3185
[2019-09-15 05:00:48,042] [INFO] django.server: "GET /admin/jsi18n/ HTTP/1.1" 200 3185
[2019-09-15 05:00:48,442] [INFO] django.server: "GET /favicon.ico HTTP/1.1" 200 2625
[2019-09-15 05:00:48,442] [INFO] django.server: "GET /favicon.ico HTTP/1.1" 200 2625
[2019-09-15 05:00:56,042] [INFO] django.server: "POST /admin/website/command/add/ HTTP/1.1" 302 0
[2019-09-15 05:00:56,042] [INFO] django.server: "POST /admin/website/command/add/ HTTP/1.1" 302 0
[2019-09-15 05:00:56,072] [INFO] django.server: "GET /admin/website/command/ HTTP/1.1" 200 4806
[2019-09-15 05:00:56,072] [INFO] django.server: "GET /admin/website/command/ HTTP/1.1" 200 4806
[2019-09-15 05:00:56,096] [INFO] django.server: "GET /admin/jsi18n/ HTTP/1.1" 200 3185
[2019-09-15 05:00:56,096] [INFO] django.server: "GET /admin/jsi18n/ HTTP/1.1" 200 3185
[2019-09-15 05:00:56,279] [INFO] django.server: "GET /favicon.ico HTTP/1.1" 200 2625
[2019-09-15 05:00:56,279] [INFO] django.server: "GET /favicon.ico HTTP/1.1" 200 2625
[2019-09-15 05:00:58,721] [INFO] django.server: "GET /control HTTP/1.1" 200 2625
[2019-09-15 05:00:58,721] [INFO] django.server: "GET /control HTTP/1.1" 200 2625
[2019-09-15 05:00:59,067] [INFO] django.server: "GET /api/auth/check HTTP/1.1" 200 22
[2019-09-15 05:00:59,067] [INFO] django.server: "GET /api/auth/check HTTP/1.1" 200 22
[2019-09-15 05:00:59,204] [INFO] django.server: "GET /api/session/status/ HTTP/1.1" 200 149
[2019-09-15 05:00:59,204] [INFO] django.server: "GET /api/session/status/ HTTP/1.1" 200 149
[2019-09-15 05:00:59,206] [INFO] django.server: "GET /control HTTP/1.1" 200 2625
[2019-09-15 05:00:59,206] [INFO] django.server: "GET /control HTTP/1.1" 200 2625
[2019-09-15 05:00:59,218] [INFO] django.server: "GET /static/favicon.ico? HTTP/1.1" 200 209762
[2019-09-15 05:00:59,218] [INFO] django.server: "GET /static/favicon.ico? HTTP/1.1" 200 209762
[2019-09-15 05:00:59,236] [INFO] django.server: "GET /favicon.ico HTTP/1.1" 200 2625
[2019-09-15 05:00:59,236] [INFO] django.server: "GET /favicon.ico HTTP/1.1" 200 2625
[2019-09-15 05:00:59,336] [INFO] django.server: "GET /api/user/ HTTP/1.1" 200 165
[2019-09-15 05:00:59,336] [INFO] django.server: "GET /api/user/ HTTP/1.1" 200 165
[2019-09-15 05:00:59,352] [INFO] django.server: "GET /api/auth/check HTTP/1.1" 200 22
[2019-09-15 05:00:59,352] [INFO] django.server: "GET /api/auth/check HTTP/1.1" 200 22
[2019-09-15 05:00:59,444] [WARNING] django.server: "GET /static/logo192.png HTTP/1.1" 404 1771
[2019-09-15 05:00:59,444] [WARNING] django.server: "GET /static/logo192.png HTTP/1.1" 404 1771
[2019-09-15 05:00:59,445] [INFO] django.server: "GET /favicon.ico HTTP/1.1" 200 2625
[2019-09-15 05:00:59,445] [INFO] django.server: "GET /favicon.ico HTTP/1.1" 200 2625
[2019-09-15 05:00:59,465] [INFO] django.server: "GET /api/session/status/ HTTP/1.1" 200 149
[2019-09-15 05:00:59,465] [INFO] django.server: "GET /api/session/status/ HTTP/1.1" 200 149
[2019-09-15 05:00:59,541] [INFO] django.server: "GET /api/user/ HTTP/1.1" 200 165
[2019-09-15 05:00:59,541] [INFO] django.server: "GET /api/user/ HTTP/1.1" 200 165
[2019-09-15 05:00:59,604] [INFO] django.server: "GET /api/stage/parrot/commands/ HTTP/1.1" 200 177
[2019-09-15 05:00:59,604] [INFO] django.server: "GET /api/stage/parrot/commands/ HTTP/1.1" 200 177
[2019-09-15 05:01:02,565] [INFO] django.server: "OPTIONS /api/stage/parrot/stop/ HTTP/1.1" 200 0
[2019-09-15 05:01:02,565] [INFO] django.server: "OPTIONS /api/stage/parrot/stop/ HTTP/1.1" 200 0
[2019-09-15 05:01:02,769] [INFO] django.server: "GET /api/stage/parrot/stop/ HTTP/1.1" 200 2
[2019-09-15 05:01:02,769] [INFO] django.server: "GET /api/stage/parrot/stop/ HTTP/1.1" 200 2
[2019-09-15 05:01:06,074] [INFO] django.server: "GET /api/auth/check HTTP/1.1" 200 22
[2019-09-15 05:01:06,074] [INFO] django.server: "GET /api/auth/check HTTP/1.1" 200 22
[2019-09-15 05:01:06,164] [WARNING] django.server: "GET /api/session/status/ HTTP/1.1" 403 47
[2019-09-15 05:01:06,164] [WARNING] django.server: "GET /api/session/status/ HTTP/1.1" 403 47
[2019-09-15 05:01:06,238] [INFO] django.server: "GET /api/user/ HTTP/1.1" 200 165
[2019-09-15 05:01:06,238] [INFO] django.server: "GET /api/user/ HTTP/1.1" 200 165
[2019-09-15 05:01:06,314] [INFO] django.server: "GET /api/stage/parrot/commands/ HTTP/1.1" 200 177
[2019-09-15 05:01:06,314] [INFO] django.server: "GET /api/stage/parrot/commands/ HTTP/1.1" 200 177
[2019-09-15 05:01:07,745] [INFO] django.server: "GET /api/session/start/ HTTP/1.1" 200 65
[2019-09-15 05:01:07,745] [INFO] django.server: "GET /api/session/start/ HTTP/1.1" 200 65
[2019-09-15 05:01:10,803] [INFO] django.server: "POST /api/stage/game/send_data/ HTTP/1.1" 200 0
[2019-09-15 05:01:10,803] [INFO] django.server: "POST /api/stage/game/send_data/ HTTP/1.1" 200 0
[2019-09-15 05:01:10,988] [INFO] django.server: "GET /api/stage/wheel/start/ HTTP/1.1" 200 66
[2019-09-15 05:01:10,988] [INFO] django.server: "GET /api/stage/wheel/start/ HTTP/1.1" 200 66
[2019-09-15 05:01:13,646] [INFO] django.server: "GET /api/stage/parrot/start/ HTTP/1.1" 200 67
[2019-09-15 05:01:13,646] [INFO] django.server: "GET /api/stage/parrot/start/ HTTP/1.1" 200 67
[2019-09-15 05:01:13,714] [INFO] django.server: "GET /api/stage/parrot/commands/ HTTP/1.1" 200 177
[2019-09-15 05:01:13,714] [INFO] django.server: "GET /api/stage/parrot/commands/ HTTP/1.1" 200 177
[2019-09-15 05:01:17,273] [WARNING] django.server: "POST /api/stage/parrot/perform/ HTTP/1.1" 400 81
[2019-09-15 05:01:17,273] [WARNING] django.server: "POST /api/stage/parrot/perform/ HTTP/1.1" 400 81
[2019-09-15 05:01:27,091] [WARNING] django.server: "POST /api/stage/parrot/perform/ HTTP/1.1" 400 81
[2019-09-15 05:01:27,091] [WARNING] django.server: "POST /api/stage/parrot/perform/ HTTP/1.1" 400 81
[2019-09-15 05:06:14,409] [INFO] django.server: "GET /api/stage/parrot/stop/ HTTP/1.1" 200 2
[2019-09-15 05:06:14,409] [INFO] django.server: "GET /api/stage/parrot/stop/ HTTP/1.1" 200 2
